Removed @azure/communication-network-traversal@1.0.0-beta.2 because of docs package validation failure on 2021-07-21 22:22 +00:00
	npm ERR! code ETARGET
	npm ERR! notarget No matching version found for @azure/communication-common@^1.1.0.
	npm ERR! notarget In most cases you or one of your dependencies are requesting
	npm ERR! notarget a package version that doesn't exist.
	npm ERR! notarget 
	npm ERR! notarget It was specified as a dependency of '@azure/communication-network-traversal'
	npm ERR! notarget 
	System.Management.Automation.RemoteException
	npm ERR! A complete log of this run can be found in:
	npm ERR!     C:\Users\VssAdministrator\AppData\Roaming\npm-cache\_logs\2021-07-21T22_21_29_761Z-debug.log
Removed @azure/ai-anomaly-detector@3.0.0-alpha.20220316.1 because of docs package validation failure on 2022-03-16 23:59 +00:00
	npm ERR! code ETARGET
	npm ERR! notarget No matching version found for @azure/ai-anomaly-detector@3.0.0-alpha.20220316.1.
	npm ERR! notarget In most cases you or one of your dependencies are requesting
	npm ERR! notarget a package version that doesn't exist.
	System.Management.Automation.RemoteException
	npm ERR! A complete log of this run can be found in:
	npm ERR!     /home/vsts/.npm/_logs/2022-03-16T23_57_39_219Z-debug-0.log
Removed @azure-rest/confidential-ledger@1.0.0-alpha.20220316.1 because of docs package validation failure on 2022-03-16 23:59 +00:00
	npm ERR! code ETARGET
	npm ERR! notarget No matching version found for @azure-rest/confidential-ledger@1.0.0-alpha.20220316.1.
	npm ERR! notarget In most cases you or one of your dependencies are requesting
	npm ERR! notarget a package version that doesn't exist.
	System.Management.Automation.RemoteException
	npm ERR! A complete log of this run can be found in:
	npm ERR!     /home/vsts/.npm/_logs/2022-03-16T23_57_39_208Z-debug-0.log
Removed @azure-rest/purview-catalog@1.0.0-alpha.20220315.1 because of docs package validation failure on 2022-03-16 23:59 +00:00
	npm ERR! code ETARGET
	npm ERR! notarget No matching version found for @azure-rest/purview-catalog@1.0.0-alpha.20220315.1.
	npm ERR! notarget In most cases you or one of your dependencies are requesting
	npm ERR! notarget a package version that doesn't exist.
	System.Management.Automation.RemoteException
	npm ERR! A complete log of this run can be found in:
	npm ERR!     /home/vsts/.npm/_logs/2022-03-16T23_57_39_213Z-debug-0.log
Removed @azure-rest/purview-scanning@1.0.0-alpha.20220315.1 because of docs package validation failure on 2022-03-16 23:59 +00:00
	npm ERR! code ETARGET
	npm ERR! notarget No matching version found for @azure-rest/purview-scanning@1.0.0-alpha.20220315.1.
	npm ERR! notarget In most cases you or one of your dependencies are requesting
	npm ERR! notarget a package version that doesn't exist.
	System.Management.Automation.RemoteException
	npm ERR! A complete log of this run can be found in:
	npm ERR!     /home/vsts/.npm/_logs/2022-03-16T23_57_39_208Z-debug-0.log
Removed @azure/core-tracing@1.0.0-alpha.20220316.3 because of docs package validation failure on 2022-03-16 23:59 +00:00
	npm ERR! code ETARGET
	npm ERR! notarget No matching version found for @azure/core-tracing@1.0.0-alpha.20220316.3.
	npm ERR! notarget In most cases you or one of your dependencies are requesting
	npm ERR! notarget a package version that doesn't exist.
	System.Management.Automation.RemoteException
	npm ERR! A complete log of this run can be found in:
	npm ERR!     /home/vsts/.npm/_logs/2022-03-16T23_57_40_891Z-debug-0.log
Removed @azure/core-util@1.0.0-alpha.20220316.3 because of docs package validation failure on 2022-03-16 23:59 +00:00
	npm ERR! code ETARGET
	npm ERR! notarget No matching version found for @azure/core-util@1.0.0-alpha.20220316.3.
	npm ERR! notarget In most cases you or one of your dependencies are requesting
	npm ERR! notarget a package version that doesn't exist.
	System.Management.Automation.RemoteException
	npm ERR! A complete log of this run can be found in:
	npm ERR!     /home/vsts/.npm/_logs/2022-03-16T23_57_41_375Z-debug-0.log
Removed @azure/schema-registry@1.0.2-alpha.20220316.1 because of docs package validation failure on 2022-03-16 23:59 +00:00
	npm ERR! code ETARGET
	npm ERR! notarget No matching version found for @azure/schema-registry@1.0.2-alpha.20220316.1.
	npm ERR! notarget In most cases you or one of your dependencies are requesting
	npm ERR! notarget a package version that doesn't exist.
	System.Management.Automation.RemoteException
	npm ERR! A complete log of this run can be found in:
	npm ERR!     /home/vsts/.npm/_logs/2022-03-16T23_57_41_293Z-debug-0.log
Removed @azure/schema-registry-avro@1.0.0-alpha.20220316.1 because of docs package validation failure on 2022-03-16 23:59 +00:00
	npm ERR! code ETARGET
	npm ERR! notarget No matching version found for @azure/schema-registry-avro@1.0.0-alpha.20220316.1.
	npm ERR! notarget In most cases you or one of your dependencies are requesting
	npm ERR! notarget a package version that doesn't exist.
	System.Management.Automation.RemoteException
	npm ERR! A complete log of this run can be found in:
	npm ERR!     /home/vsts/.npm/_logs/2022-03-16T23_57_41_562Z-debug-0.log
Removed @azure/monitor-opentelemetry-exporter@1.0.0-alpha.20220316.1 because of docs package validation failure on 2022-03-16 23:59 +00:00
	npm ERR! code ETARGET
	npm ERR! notarget No matching version found for @azure/monitor-opentelemetry-exporter@1.0.0-alpha.20220316.1.
	npm ERR! notarget In most cases you or one of your dependencies are requesting
	npm ERR! notarget a package version that doesn't exist.
	System.Management.Automation.RemoteException
	npm ERR! A complete log of this run can be found in:
	npm ERR!     /home/vsts/.npm/_logs/2022-03-16T23_57_42_696Z-debug-0.log
Removed @azure/synapse-access-control@1.0.0-alpha.20220316.1 because of docs package validation failure on 2022-03-16 23:59 +00:00
	npm ERR! code ETARGET
	npm ERR! notarget No matching version found for @azure/synapse-access-control@1.0.0-alpha.20220316.1.
	npm ERR! notarget In most cases you or one of your dependencies are requesting
	npm ERR! notarget a package version that doesn't exist.
	System.Management.Automation.RemoteException
	npm ERR! A complete log of this run can be found in:
	npm ERR!     /home/vsts/.npm/_logs/2022-03-16T23_57_43_576Z-debug-0.log
Removed @azure/synapse-artifacts@1.0.0-alpha.20220316.1 because of docs package validation failure on 2022-03-16 23:59 +00:00
	npm ERR! code ETARGET
	npm ERR! notarget No matching version found for @azure/synapse-artifacts@1.0.0-alpha.20220316.1.
	npm ERR! notarget In most cases you or one of your dependencies are requesting
	npm ERR! notarget a package version that doesn't exist.
	System.Management.Automation.RemoteException
	npm ERR! A complete log of this run can be found in:
	npm ERR!     /home/vsts/.npm/_logs/2022-03-16T23_57_44_411Z-debug-0.log
Removed @azure/synapse-managed-private-endpoints@1.0.0-alpha.20220316.1 because of docs package validation failure on 2022-03-16 23:59 +00:00
	npm ERR! code ETARGET
	npm ERR! notarget No matching version found for @azure/synapse-managed-private-endpoints@1.0.0-alpha.20220316.1.
	npm ERR! notarget In most cases you or one of your dependencies are requesting
	npm ERR! notarget a package version that doesn't exist.
	System.Management.Automation.RemoteException
	npm ERR! A complete log of this run can be found in:
	npm ERR!     /home/vsts/.npm/_logs/2022-03-16T23_57_45_152Z-debug-0.log
Removed @azure/synapse-monitoring@1.0.0-alpha.20220316.1 because of docs package validation failure on 2022-03-16 23:59 +00:00
	npm ERR! code ETARGET
	npm ERR! notarget No matching version found for @azure/synapse-monitoring@1.0.0-alpha.20220316.1.
	npm ERR! notarget In most cases you or one of your dependencies are requesting
	npm ERR! notarget a package version that doesn't exist.
	System.Management.Automation.RemoteException
	npm ERR! A complete log of this run can be found in:
	npm ERR!     /home/vsts/.npm/_logs/2022-03-16T23_57_46_127Z-debug-0.log
Removed @azure/synapse-spark@1.0.0-alpha.20220316.1 because of docs package validation failure on 2022-03-16 23:59 +00:00
	npm ERR! code ETARGET
	npm ERR! notarget No matching version found for @azure/synapse-spark@1.0.0-alpha.20220316.1.
	npm ERR! notarget In most cases you or one of your dependencies are requesting
	npm ERR! notarget a package version that doesn't exist.
	System.Management.Automation.RemoteException
	npm ERR! A complete log of this run can be found in:
	npm ERR!     /home/vsts/.npm/_logs/2022-03-16T23_57_47_192Z-debug-0.log
Removed @azure/quantum-jobs@1.0.0-alpha.20220316.2 because of docs package validation failure on 2022-03-16 23:59 +00:00
	npm ERR! code ETARGET
	npm ERR! notarget No matching version found for @azure/quantum-jobs@1.0.0-alpha.20220316.2.
	npm ERR! notarget In most cases you or one of your dependencies are requesting
	npm ERR! notarget a package version that doesn't exist.
	System.Management.Automation.RemoteException
	npm ERR! A complete log of this run can be found in:
	npm ERR!     /home/vsts/.npm/_logs/2022-03-16T23_57_50_069Z-debug-0.log
Removed @azure-rest/core-client@1.0.0-alpha.20220316.3 because of docs package validation failure on 2022-03-16 23:59 +00:00
	npm ERR! code ETARGET
	npm ERR! notarget No matching version found for @azure-rest/core-client@1.0.0-alpha.20220316.3.
	npm ERR! notarget In most cases you or one of your dependencies are requesting
	npm ERR! notarget a package version that doesn't exist.
	System.Management.Automation.RemoteException
	npm ERR! A complete log of this run can be found in:
	npm ERR!     /home/vsts/.npm/_logs/2022-03-16T23_57_51_774Z-debug-0.log
Removed @azure/monitor-query@1.0.2-alpha.20220316.1 because of docs package validation failure on 2022-03-16 23:59 +00:00
	npm ERR! code ETARGET
	npm ERR! notarget No matching version found for @azure/monitor-query@1.0.2-alpha.20220316.1.
	npm ERR! notarget In most cases you or one of your dependencies are requesting
	npm ERR! notarget a package version that doesn't exist.
	System.Management.Automation.RemoteException
	npm ERR! A complete log of this run can be found in:
	npm ERR!     /home/vsts/.npm/_logs/2022-03-16T23_57_53_148Z-debug-0.log
Removed @azure/arm-links@2.0.1-alpha.20220316.1 because of docs package validation failure on 2022-03-16 23:59 +00:00
	npm ERR! code ETARGET
	npm ERR! notarget No matching version found for @azure/arm-links@2.0.1-alpha.20220316.1.
	npm ERR! notarget In most cases you or one of your dependencies are requesting
	npm ERR! notarget a package version that doesn't exist.
	System.Management.Automation.RemoteException
	npm ERR! A complete log of this run can be found in:
	npm ERR!     /home/vsts/.npm/_logs/2022-03-16T23_57_54_801Z-debug-0.log
Removed @azure/arm-locks@2.0.1-alpha.20220316.1 because of docs package validation failure on 2022-03-16 23:59 +00:00
	npm ERR! code ETARGET
	npm ERR! notarget No matching version found for @azure/arm-locks@2.0.1-alpha.20220316.1.
	npm ERR! notarget In most cases you or one of your dependencies are requesting
	npm ERR! notarget a package version that doesn't exist.
	System.Management.Automation.RemoteException
	npm ERR! A complete log of this run can be found in:
	npm ERR!     /home/vsts/.npm/_logs/2022-03-16T23_57_56_051Z-debug-0.log
Removed @azure/arm-storage@17.1.0-alpha.20220316.1 because of docs package validation failure on 2022-03-16 23:59 +00:00
	npm ERR! code ETARGET
	npm ERR! notarget No matching version found for @azure/arm-storage@17.1.0-alpha.20220316.1.
	npm ERR! notarget In most cases you or one of your dependencies are requesting
	npm ERR! notarget a package version that doesn't exist.
	System.Management.Automation.RemoteException
	npm ERR! A complete log of this run can be found in:
	npm ERR!     /home/vsts/.npm/_logs/2022-03-16T23_57_56_968Z-debug-0.log
Removed @azure/arm-policy@5.0.1-alpha.20220316.1 because of docs package validation failure on 2022-03-16 23:59 +00:00
	npm ERR! code ETARGET
	npm ERR! notarget No matching version found for @azure/arm-policy@5.0.1-alpha.20220316.1.
	npm ERR! notarget In most cases you or one of your dependencies are requesting
	npm ERR! notarget a package version that doesn't exist.
	System.Management.Automation.RemoteException
	npm ERR! A complete log of this run can be found in:
	npm ERR!     /home/vsts/.npm/_logs/2022-03-16T23_57_57_770Z-debug-0.log
Removed @azure/arm-resources@5.0.1-alpha.20220316.1 because of docs package validation failure on 2022-03-16 23:59 +00:00
	npm ERR! code ETARGET
	npm ERR! notarget No matching version found for @azure/arm-resources@5.0.1-alpha.20220316.1.
	npm ERR! notarget In most cases you or one of your dependencies are requesting
	npm ERR! notarget a package version that doesn't exist.
	System.Management.Automation.RemoteException
	npm ERR! A complete log of this run can be found in:
	npm ERR!     /home/vsts/.npm/_logs/2022-03-16T23_57_58_413Z-debug-0.log
Removed @azure/communication-network-traversal@1.1.0-alpha.20220316.1 because of docs package validation failure on 2022-03-16 23:59 +00:00
	npm ERR! code ETARGET
	npm ERR! notarget No matching version found for @azure/communication-network-traversal@1.1.0-alpha.20220316.1.
	npm ERR! notarget In most cases you or one of your dependencies are requesting
	npm ERR! notarget a package version that doesn't exist.
	System.Management.Automation.RemoteException
	npm ERR! A complete log of this run can be found in:
	npm ERR!     /home/vsts/.npm/_logs/2022-03-16T23_57_58_564Z-debug-0.log
Removed @azure/arm-compute@17.3.1-alpha.20220316.1 because of docs package validation failure on 2022-03-16 23:59 +00:00
	npm ERR! code ETARGET
	npm ERR! notarget No matching version found for @azure/arm-compute@17.3.1-alpha.20220316.1.
	npm ERR! notarget In most cases you or one of your dependencies are requesting
	npm ERR! notarget a package version that doesn't exist.
	System.Management.Automation.RemoteException
	npm ERR! A complete log of this run can be found in:
	npm ERR!     /home/vsts/.npm/_logs/2022-03-16T23_58_00_453Z-debug-0.log
Removed @azure/arm-network@26.0.1-alpha.20220316.1 because of docs package validation failure on 2022-03-16 23:59 +00:00
	npm ERR! code ETARGET
	npm ERR! notarget No matching version found for @azure/arm-network@26.0.1-alpha.20220316.1.
	npm ERR! notarget In most cases you or one of your dependencies are requesting
	npm ERR! notarget a package version that doesn't exist.
	System.Management.Automation.RemoteException
	npm ERR! A complete log of this run can be found in:
	npm ERR!     /home/vsts/.npm/_logs/2022-03-16T23_58_00_634Z-debug-0.log
Removed @azure/ai-text-analytics@5.2.0-alpha.20220316.1 because of docs package validation failure on 2022-03-16 23:59 +00:00
	npm ERR! code ETARGET
	npm ERR! notarget No matching version found for @azure/ai-text-analytics@5.2.0-alpha.20220316.1.
	npm ERR! notarget In most cases you or one of your dependencies are requesting
	npm ERR! notarget a package version that doesn't exist.
	System.Management.Automation.RemoteException
	npm ERR! A complete log of this run can be found in:
	npm ERR!     /home/vsts/.npm/_logs/2022-03-16T23_58_02_124Z-debug-0.log
Removed @azure/arm-webpubsub@1.0.1-alpha.20220316.1 because of docs package validation failure on 2022-03-16 23:59 +00:00
	npm ERR! code ETARGET
	npm ERR! notarget No matching version found for @azure/arm-webpubsub@1.0.1-alpha.20220316.1.
	npm ERR! notarget In most cases you or one of your dependencies are requesting
	npm ERR! notarget a package version that doesn't exist.
	System.Management.Automation.RemoteException
	npm ERR! A complete log of this run can be found in:
	npm ERR!     /home/vsts/.npm/_logs/2022-03-16T23_58_02_457Z-debug-0.log
Removed @azure/communication-chat@1.2.0-alpha.20220316.1 because of docs package validation failure on 2022-03-16 23:59 +00:00
	npm ERR! code ETARGET
	npm ERR! notarget No matching version found for @azure/communication-chat@1.2.0-alpha.20220316.1.
	npm ERR! notarget In most cases you or one of your dependencies are requesting
	npm ERR! notarget a package version that doesn't exist.
	System.Management.Automation.RemoteException
	npm ERR! A complete log of this run can be found in:
	npm ERR!     /home/vsts/.npm/_logs/2022-03-16T23_58_02_856Z-debug-0.log
Removed @azure/arm-appservice@11.0.1-alpha.20220315.1 because of docs package validation failure on 2022-03-16 23:59 +00:00
	npm ERR! code ETARGET
	npm ERR! notarget No matching version found for @azure/arm-appservice@11.0.1-alpha.20220315.1.
	npm ERR! notarget In most cases you or one of your dependencies are requesting
	npm ERR! notarget a package version that doesn't exist.
	System.Management.Automation.RemoteException
	npm ERR! A complete log of this run can be found in:
	npm ERR!     /home/vsts/.npm/_logs/2022-03-16T23_58_02_943Z-debug-0.log
Removed @azure/arm-resources-subscriptions@2.0.1-alpha.20220316.1 because of docs package validation failure on 2022-03-16 23:59 +00:00
	npm ERR! code ETARGET
	npm ERR! notarget No matching version found for @azure/arm-resources-subscriptions@2.0.1-alpha.20220316.1.
	npm ERR! notarget In most cases you or one of your dependencies are requesting
	npm ERR! notarget a package version that doesn't exist.
	System.Management.Automation.RemoteException
	npm ERR! A complete log of this run can be found in:
	npm ERR!     /home/vsts/.npm/_logs/2022-03-16T23_58_03_392Z-debug-0.log
Removed @azure/arm-templatespecs@2.0.1-alpha.20220316.1 because of docs package validation failure on 2022-03-16 23:59 +00:00
	npm ERR! code ETARGET
	npm ERR! notarget No matching version found for @azure/arm-templatespecs@2.0.1-alpha.20220316.1.
	npm ERR! notarget In most cases you or one of your dependencies are requesting
	npm ERR! notarget a package version that doesn't exist.
	System.Management.Automation.RemoteException
	npm ERR! A complete log of this run can be found in:
	npm ERR!     /home/vsts/.npm/_logs/2022-03-16T23_58_03_549Z-debug-0.log
Removed @azure/arm-authorization@9.0.0-alpha.20220315.1 because of docs package validation failure on 2022-03-16 23:59 +00:00
	npm ERR! code ETARGET
	npm ERR! notarget No matching version found for @azure/arm-authorization@9.0.0-alpha.20220315.1.
	npm ERR! notarget In most cases you or one of your dependencies are requesting
	npm ERR! notarget a package version that doesn't exist.
	System.Management.Automation.RemoteException
	npm ERR! A complete log of this run can be found in:
	npm ERR!     /home/vsts/.npm/_logs/2022-03-16T23_58_03_885Z-debug-0.log
Removed @azure/arm-servicebus@5.0.1-alpha.20220316.1 because of docs package validation failure on 2022-03-16 23:59 +00:00
	npm ERR! code ETARGET
	npm ERR! notarget No matching version found for @azure/arm-servicebus@5.0.1-alpha.20220316.1.
	npm ERR! notarget In most cases you or one of your dependencies are requesting
	npm ERR! notarget a package version that doesn't exist.
	System.Management.Automation.RemoteException
	npm ERR! A complete log of this run can be found in:
	npm ERR!     /home/vsts/.npm/_logs/2022-03-16T23_58_05_245Z-debug-0.log
Removed @azure/arm-purview@1.0.1-alpha.20220315.1 because of docs package validation failure on 2022-03-16 23:59 +00:00
	npm ERR! code ETARGET
	npm ERR! notarget No matching version found for @azure/arm-purview@1.0.1-alpha.20220315.1.
	npm ERR! notarget In most cases you or one of your dependencies are requesting
	npm ERR! notarget a package version that doesn't exist.
	System.Management.Automation.RemoteException
	npm ERR! A complete log of this run can be found in:
	npm ERR!     /home/vsts/.npm/_logs/2022-03-16T23_58_06_959Z-debug-0.log
Removed @azure/mixed-reality-remote-rendering@1.0.0-alpha.20220316.1 because of docs package validation failure on 2022-03-16 23:59 +00:00
	npm ERR! code ETARGET
	npm ERR! notarget No matching version found for @azure/mixed-reality-remote-rendering@1.0.0-alpha.20220316.1.
	npm ERR! notarget In most cases you or one of your dependencies are requesting
	npm ERR! notarget a package version that doesn't exist.
	System.Management.Automation.RemoteException
	npm ERR! A complete log of this run can be found in:
	npm ERR!     /home/vsts/.npm/_logs/2022-03-16T23_58_07_906Z-debug-0.log
Removed @azure/arm-keyvault@2.0.1-alpha.20220315.1 because of docs package validation failure on 2022-03-16 23:59 +00:00
	npm ERR! code ETARGET
	npm ERR! notarget No matching version found for @azure/arm-keyvault@2.0.1-alpha.20220315.1.
	npm ERR! notarget In most cases you or one of your dependencies are requesting
	npm ERR! notarget a package version that doesn't exist.
	System.Management.Automation.RemoteException
	npm ERR! A complete log of this run can be found in:
	npm ERR!     /home/vsts/.npm/_logs/2022-03-16T23_58_08_318Z-debug-0.log
Removed @azure/arm-sql@9.0.1-alpha.20220316.1 because of docs package validation failure on 2022-03-16 23:59 +00:00
	npm ERR! code ETARGET
	npm ERR! notarget No matching version found for @azure/arm-sql@9.0.1-alpha.20220316.1.
	npm ERR! notarget In most cases you or one of your dependencies are requesting
	npm ERR! notarget a package version that doesn't exist.
	System.Management.Automation.RemoteException
	npm ERR! A complete log of this run can be found in:
	npm ERR!     /home/vsts/.npm/_logs/2022-03-16T23_58_08_306Z-debug-0.log
Removed @azure/arm-extendedlocation@1.0.0-alpha.20220316.1 because of docs package validation failure on 2022-03-16 23:59 +00:00
	npm ERR! code ETARGET
	npm ERR! notarget No matching version found for @azure/arm-extendedlocation@1.0.0-alpha.20220316.1.
	npm ERR! notarget In most cases you or one of your dependencies are requesting
	npm ERR! notarget a package version that doesn't exist.
	System.Management.Automation.RemoteException
	npm ERR! A complete log of this run can be found in:
	npm ERR!     /home/vsts/.npm/_logs/2022-03-16T23_58_10_951Z-debug-0.log
Removed @azure/arm-security@4.0.1-alpha.20220316.1 because of docs package validation failure on 2022-03-16 23:59 +00:00
	npm ERR! code ETARGET
	npm ERR! notarget No matching version found for @azure/arm-security@4.0.1-alpha.20220316.1.
	npm ERR! notarget In most cases you or one of your dependencies are requesting
	npm ERR! notarget a package version that doesn't exist.
	System.Management.Automation.RemoteException
	npm ERR! A complete log of this run can be found in:
	npm ERR!     /home/vsts/.npm/_logs/2022-03-16T23_58_12_496Z-debug-0.log
Removed @azure-rest/purview-administration@1.0.0-alpha.20220315.1 because of docs package validation failure on 2022-03-16 23:59 +00:00
	npm ERR! code ETARGET
	npm ERR! notarget No matching version found for @azure-rest/purview-administration@1.0.0-alpha.20220315.1.
	npm ERR! notarget In most cases you or one of your dependencies are requesting
	npm ERR! notarget a package version that doesn't exist.
	System.Management.Automation.RemoteException
	npm ERR! A complete log of this run can be found in:
	npm ERR!     /home/vsts/.npm/_logs/2022-03-16T23_58_13_377Z-debug-0.log
Removed @azure/arm-operationalinsights@8.0.1-alpha.20220316.1 because of docs package validation failure on 2022-03-16 23:59 +00:00
	npm ERR! code ETARGET
	npm ERR! notarget No matching version found for @azure/arm-operationalinsights@8.0.1-alpha.20220316.1.
	npm ERR! notarget In most cases you or one of your dependencies are requesting
	npm ERR! notarget a package version that doesn't exist.
	System.Management.Automation.RemoteException
	npm ERR! A complete log of this run can be found in:
	npm ERR!     /home/vsts/.npm/_logs/2022-03-16T23_58_13_626Z-debug-0.log
Removed @azure/arm-postgresql@6.0.1-alpha.20220316.1 because of docs package validation failure on 2022-03-16 23:59 +00:00
	npm ERR! code ETARGET
	npm ERR! notarget No matching version found for @azure/arm-postgresql@6.0.1-alpha.20220316.1.
	npm ERR! notarget In most cases you or one of your dependencies are requesting
	npm ERR! notarget a package version that doesn't exist.
	System.Management.Automation.RemoteException
	npm ERR! A complete log of this run can be found in:
	npm ERR!     /home/vsts/.npm/_logs/2022-03-16T23_58_13_893Z-debug-0.log
Removed @azure/arm-containerregistry@10.1.0-alpha.20220316.1 because of docs package validation failure on 2022-03-16 23:59 +00:00
	npm ERR! code ETARGET
	npm ERR! notarget No matching version found for @azure/arm-containerregistry@10.1.0-alpha.20220316.1.
	npm ERR! notarget In most cases you or one of your dependencies are requesting
	npm ERR! notarget a package version that doesn't exist.
	System.Management.Automation.RemoteException
	npm ERR! A complete log of this run can be found in:
	npm ERR!     /home/vsts/.npm/_logs/2022-03-16T23_58_14_998Z-debug-0.log
Removed @azure/arm-eventgrid@13.0.1-alpha.20220316.1 because of docs package validation failure on 2022-03-16 23:59 +00:00
	npm ERR! code ETARGET
	npm ERR! notarget No matching version found for @azure/arm-eventgrid@13.0.1-alpha.20220316.1.
	npm ERR! notarget In most cases you or one of your dependencies are requesting
	npm ERR! notarget a package version that doesn't exist.
	System.Management.Automation.RemoteException
	npm ERR! A complete log of this run can be found in:
	npm ERR!     /home/vsts/.npm/_logs/2022-03-16T23_58_15_042Z-debug-0.log
Removed @azure/arm-logic@8.0.1-alpha.20220316.1 because of docs package validation failure on 2022-03-16 23:59 +00:00
	npm ERR! code ETARGET
	npm ERR! notarget No matching version found for @azure/arm-logic@8.0.1-alpha.20220316.1.
	npm ERR! notarget In most cases you or one of your dependencies are requesting
	npm ERR! notarget a package version that doesn't exist.
	System.Management.Automation.RemoteException
	npm ERR! A complete log of this run can be found in:
	npm ERR!     /home/vsts/.npm/_logs/2022-03-16T23_58_15_782Z-debug-0.log
Removed @azure/arm-containerservice@15.1.1-alpha.20220316.1 because of docs package validation failure on 2022-03-16 23:59 +00:00
	npm ERR! code ETARGET
	npm ERR! notarget No matching version found for @azure/arm-containerservice@15.1.1-alpha.20220316.1.
	npm ERR! notarget In most cases you or one of your dependencies are requesting
	npm ERR! notarget a package version that doesn't exist.
	System.Management.Automation.RemoteException
	npm ERR! A complete log of this run can be found in:
	npm ERR!     /home/vsts/.npm/_logs/2022-03-16T23_58_16_758Z-debug-0.log
Removed @azure/communication-identity@1.1.0-alpha.20220316.1 because of docs package validation failure on 2022-03-16 23:59 +00:00
	npm ERR! code ETARGET
	npm ERR! notarget No matching version found for @azure/communication-identity@1.1.0-alpha.20220316.1.
	npm ERR! notarget In most cases you or one of your dependencies are requesting
	npm ERR! notarget a package version that doesn't exist.
	System.Management.Automation.RemoteException
	npm ERR! A complete log of this run can be found in:
	npm ERR!     /home/vsts/.npm/_logs/2022-03-16T23_58_17_384Z-debug-0.log
Removed @azure/arm-mediaservices@10.0.1-alpha.20220316.1 because of docs package validation failure on 2022-03-16 23:59 +00:00
	npm ERR! code ETARGET
	npm ERR! notarget No matching version found for @azure/arm-mediaservices@10.0.1-alpha.20220316.1.
	npm ERR! notarget In most cases you or one of your dependencies are requesting
	npm ERR! notarget a package version that doesn't exist.
	System.Management.Automation.RemoteException
	npm ERR! A complete log of this run can be found in:
	npm ERR!     /home/vsts/.npm/_logs/2022-03-16T23_58_18_288Z-debug-0.log
Removed @azure/arm-databricks@3.0.0-alpha.20220316.1 because of docs package validation failure on 2022-03-16 23:59 +00:00
	npm ERR! code ETARGET
	npm ERR! notarget No matching version found for @azure/arm-databricks@3.0.0-alpha.20220316.1.
	npm ERR! notarget In most cases you or one of your dependencies are requesting
	npm ERR! notarget a package version that doesn't exist.
	System.Management.Automation.RemoteException
	npm ERR! A complete log of this run can be found in:
	npm ERR!     /home/vsts/.npm/_logs/2022-03-16T23_58_18_271Z-debug-0.log
Removed @azure/arm-streamanalytics@4.0.1-alpha.20220316.1 because of docs package validation failure on 2022-03-16 23:59 +00:00
	npm ERR! code ETARGET
	npm ERR! notarget No matching version found for @azure/arm-streamanalytics@4.0.1-alpha.20220316.1.
	npm ERR! notarget In most cases you or one of your dependencies are requesting
	npm ERR! notarget a package version that doesn't exist.
	System.Management.Automation.RemoteException
	npm ERR! A complete log of this run can be found in:
	npm ERR!     /home/vsts/.npm/_logs/2022-03-16T23_58_20_074Z-debug-0.log
Removed @azure/arm-cdn@6.0.1-alpha.20220316.1 because of docs package validation failure on 2022-03-16 23:59 +00:00
	npm ERR! code ETARGET
	npm ERR! notarget No matching version found for @azure/arm-cdn@6.0.1-alpha.20220316.1.
	npm ERR! notarget In most cases you or one of your dependencies are requesting
	npm ERR! notarget a package version that doesn't exist.
	System.Management.Automation.RemoteException
	npm ERR! A complete log of this run can be found in:
	npm ERR!     /home/vsts/.npm/_logs/2022-03-16T23_58_23_055Z-debug-0.log
Removed @azure/arm-cosmosdb@16.0.0-alpha.20220316.1 because of docs package validation failure on 2022-03-16 23:59 +00:00
	npm ERR! code ETARGET
	npm ERR! notarget No matching version found for @azure/arm-cosmosdb@16.0.0-alpha.20220316.1.
	npm ERR! notarget In most cases you or one of your dependencies are requesting
	npm ERR! notarget a package version that doesn't exist.
	System.Management.Automation.RemoteException
	npm ERR! A complete log of this run can be found in:
	npm ERR!     /home/vsts/.npm/_logs/2022-03-16T23_58_25_127Z-debug-0.log
Removed @azure/arm-consumption@9.0.1-alpha.20220315.1 because of docs package validation failure on 2022-03-16 23:59 +00:00
	npm ERR! code ETARGET
	npm ERR! notarget No matching version found for @azure/arm-consumption@9.0.1-alpha.20220315.1.
	npm ERR! notarget In most cases you or one of your dependencies are requesting
	npm ERR! notarget a package version that doesn't exist.
	System.Management.Automation.RemoteException
	npm ERR! A complete log of this run can be found in:
	npm ERR!     /home/vsts/.npm/_logs/2022-03-16T23_58_25_600Z-debug-0.log
Removed @azure/arm-batch@7.0.1-alpha.20220316.1 because of docs package validation failure on 2022-03-16 23:59 +00:00
	npm ERR! code ETARGET
	npm ERR! notarget No matching version found for @azure/arm-batch@7.0.1-alpha.20220316.1.
	npm ERR! notarget In most cases you or one of your dependencies are requesting
	npm ERR! notarget a package version that doesn't exist.
	System.Management.Automation.RemoteException
	npm ERR! A complete log of this run can be found in:
	npm ERR!     /home/vsts/.npm/_logs/2022-03-16T23_58_25_826Z-debug-0.log
Removed @azure/arm-managementgroups@2.0.1-alpha.20220316.1 because of docs package validation failure on 2022-03-16 23:59 +00:00
	npm ERR! code ETARGET
	npm ERR! notarget No matching version found for @azure/arm-managementgroups@2.0.1-alpha.20220316.1.
	npm ERR! notarget In most cases you or one of your dependencies are requesting
	npm ERR! notarget a package version that doesn't exist.
	System.Management.Automation.RemoteException
	npm ERR! A complete log of this run can be found in:
	npm ERR!     /home/vsts/.npm/_logs/2022-03-16T23_58_26_315Z-debug-0.log
Removed @azure/arm-orbital@1.0.0-alpha.20220316.1 because of docs package validation failure on 2022-03-16 23:59 +00:00
	npm ERR! code ETARGET
	npm ERR! notarget No matching version found for @azure/arm-orbital@1.0.0-alpha.20220316.1.
	npm ERR! notarget In most cases you or one of your dependencies are requesting
	npm ERR! notarget a package version that doesn't exist.
	System.Management.Automation.RemoteException
	npm ERR! A complete log of this run can be found in:
	npm ERR!     /home/vsts/.npm/_logs/2022-03-16T23_58_26_834Z-debug-0.log
Removed @azure/arm-resourcehealth@3.0.1-alpha.20220316.1 because of docs package validation failure on 2022-03-16 23:59 +00:00
	npm ERR! code ETARGET
	npm ERR! notarget No matching version found for @azure/arm-resourcehealth@3.0.1-alpha.20220316.1.
	npm ERR! notarget In most cases you or one of your dependencies are requesting
	npm ERR! notarget a package version that doesn't exist.
	System.Management.Automation.RemoteException
	npm ERR! A complete log of this run can be found in:
	npm ERR!     /home/vsts/.npm/_logs/2022-03-16T23_58_27_684Z-debug-0.log
Removed @azure/arm-search@3.0.1-alpha.20220316.1 because of docs package validation failure on 2022-03-16 23:59 +00:00
	npm ERR! code ETARGET
	npm ERR! notarget No matching version found for @azure/arm-search@3.0.1-alpha.20220316.1.
	npm ERR! notarget In most cases you or one of your dependencies are requesting
	npm ERR! notarget a package version that doesn't exist.
	System.Management.Automation.RemoteException
	npm ERR! A complete log of this run can be found in:
	npm ERR!     /home/vsts/.npm/_logs/2022-03-16T23_58_28_450Z-debug-0.log
Removed @azure/arm-analysisservices@4.0.1-alpha.20220316.1 because of docs package validation failure on 2022-03-16 23:59 +00:00
	npm ERR! code ETARGET
	npm ERR! notarget No matching version found for @azure/arm-analysisservices@4.0.1-alpha.20220316.1.
	npm ERR! notarget In most cases you or one of your dependencies are requesting
	npm ERR! notarget a package version that doesn't exist.
	System.Management.Automation.RemoteException
	npm ERR! A complete log of this run can be found in:
	npm ERR!     /home/vsts/.npm/_logs/2022-03-16T23_58_28_644Z-debug-0.log
Removed @azure/arm-portal@1.0.0-alpha.20220316.1 because of docs package validation failure on 2022-03-16 23:59 +00:00
	npm ERR! code ETARGET
	npm ERR! notarget No matching version found for @azure/arm-portal@1.0.0-alpha.20220316.1.
	npm ERR! notarget In most cases you or one of your dependencies are requesting
	npm ERR! notarget a package version that doesn't exist.
	System.Management.Automation.RemoteException
	npm ERR! A complete log of this run can be found in:
	npm ERR!     /home/vsts/.npm/_logs/2022-03-16T23_58_28_657Z-debug-0.log
Removed @azure/arm-sqlvirtualmachine@5.0.0-alpha.20220316.1 because of docs package validation failure on 2022-03-16 23:59 +00:00
	npm ERR! code ETARGET
	npm ERR! notarget No matching version found for @azure/arm-sqlvirtualmachine@5.0.0-alpha.20220316.1.
	npm ERR! notarget In most cases you or one of your dependencies are requesting
	npm ERR! notarget a package version that doesn't exist.
	System.Management.Automation.RemoteException
	npm ERR! A complete log of this run can be found in:
	npm ERR!     /home/vsts/.npm/_logs/2022-03-16T23_58_29_279Z-debug-0.log
Removed @azure/arm-loadtestservice@1.0.0-alpha.20220316.1 because of docs package validation failure on 2022-03-16 23:59 +00:00
	npm ERR! code ETARGET
	npm ERR! notarget No matching version found for @azure/arm-loadtestservice@1.0.0-alpha.20220316.1.
	npm ERR! notarget In most cases you or one of your dependencies are requesting
	npm ERR! notarget a package version that doesn't exist.
	System.Management.Automation.RemoteException
	npm ERR! A complete log of this run can be found in:
	npm ERR!     /home/vsts/.npm/_logs/2022-03-16T23_58_30_261Z-debug-0.log
Removed @azure/arm-azurestack@3.0.0-alpha.20220316.1 because of docs package validation failure on 2022-03-16 23:59 +00:00
	npm ERR! code ETARGET
	npm ERR! notarget No matching version found for @azure/arm-azurestack@3.0.0-alpha.20220316.1.
	npm ERR! notarget In most cases you or one of your dependencies are requesting
	npm ERR! notarget a package version that doesn't exist.
	System.Management.Automation.RemoteException
	npm ERR! A complete log of this run can be found in:
	npm ERR!     /home/vsts/.npm/_logs/2022-03-16T23_58_30_139Z-debug-0.log
Removed @azure/arm-appconfiguration@3.0.0-alpha.20220316.1 because of docs package validation failure on 2022-03-16 23:59 +00:00
	npm ERR! code ETARGET
	npm ERR! notarget No matching version found for @azure/arm-appconfiguration@3.0.0-alpha.20220316.1.
	npm ERR! notarget In most cases you or one of your dependencies are requesting
	npm ERR! notarget a package version that doesn't exist.
	System.Management.Automation.RemoteException
	npm ERR! A complete log of this run can be found in:
	npm ERR!     /home/vsts/.npm/_logs/2022-03-16T23_58_30_819Z-debug-0.log
Removed @azure/arm-databox@5.0.0-alpha.20220316.1 because of docs package validation failure on 2022-03-16 23:59 +00:00
	npm ERR! code ETARGET
	npm ERR! notarget No matching version found for @azure/arm-databox@5.0.0-alpha.20220316.1.
	npm ERR! notarget In most cases you or one of your dependencies are requesting
	npm ERR! notarget a package version that doesn't exist.
	System.Management.Automation.RemoteException
	npm ERR! A complete log of this run can be found in:
	npm ERR!     /home/vsts/.npm/_logs/2022-03-16T23_58_31_259Z-debug-0.log
Removed @azure/arm-kubernetesconfiguration@5.0.0-alpha.20220316.1 because of docs package validation failure on 2022-03-16 23:59 +00:00
	npm ERR! code ETARGET
	npm ERR! notarget No matching version found for @azure/arm-kubernetesconfiguration@5.0.0-alpha.20220316.1.
	npm ERR! notarget In most cases you or one of your dependencies are requesting
	npm ERR! notarget a package version that doesn't exist.
	System.Management.Automation.RemoteException
	npm ERR! A complete log of this run can be found in:
	npm ERR!     /home/vsts/.npm/_logs/2022-03-16T23_58_31_841Z-debug-0.log
Removed @azure/arm-hanaonazure@4.0.0-alpha.20220316.1 because of docs package validation failure on 2022-03-16 23:59 +00:00
	npm ERR! code ETARGET
	npm ERR! notarget No matching version found for @azure/arm-hanaonazure@4.0.0-alpha.20220316.1.
	npm ERR! notarget In most cases you or one of your dependencies are requesting
	npm ERR! notarget a package version that doesn't exist.
	System.Management.Automation.RemoteException
	npm ERR! A complete log of this run can be found in:
	npm ERR!     /home/vsts/.npm/_logs/2022-03-16T23_58_32_024Z-debug-0.log
Removed @azure/arm-deploymentmanager@4.0.0-alpha.20220316.1 because of docs package validation failure on 2022-03-16 23:59 +00:00
	npm ERR! code ETARGET
	npm ERR! notarget No matching version found for @azure/arm-deploymentmanager@4.0.0-alpha.20220316.1.
	npm ERR! notarget In most cases you or one of your dependencies are requesting
	npm ERR! notarget a package version that doesn't exist.
	System.Management.Automation.RemoteException
	npm ERR! A complete log of this run can be found in:
	npm ERR!     /home/vsts/.npm/_logs/2022-03-16T23_58_32_454Z-debug-0.log
Removed @azure/arm-labservices@3.0.0-alpha.20220316.1 because of docs package validation failure on 2022-03-16 23:59 +00:00
	npm ERR! code ETARGET
	npm ERR! notarget No matching version found for @azure/arm-labservices@3.0.0-alpha.20220316.1.
	npm ERR! notarget In most cases you or one of your dependencies are requesting
	npm ERR! notarget a package version that doesn't exist.
	System.Management.Automation.RemoteException
	npm ERR! A complete log of this run can be found in:
	npm ERR!     /home/vsts/.npm/_logs/2022-03-16T23_58_32_685Z-debug-0.log
Removed @azure/communication-phone-numbers@1.2.0-alpha.20220316.1 because of docs package validation failure on 2022-03-16 23:59 +00:00
	npm ERR! code ETARGET
	npm ERR! notarget No matching version found for @azure/communication-phone-numbers@1.2.0-alpha.20220316.1.
	npm ERR! notarget In most cases you or one of your dependencies are requesting
	npm ERR! notarget a package version that doesn't exist.
	System.Management.Automation.RemoteException
	npm ERR! A complete log of this run can be found in:
	npm ERR!     /home/vsts/.npm/_logs/2022-03-16T23_58_33_073Z-debug-0.log
Removed @azure/arm-machinelearningcompute@3.0.0-alpha.20220316.1 because of docs package validation failure on 2022-03-16 23:59 +00:00
	npm ERR! code ETARGET
	npm ERR! notarget No matching version found for @azure/arm-machinelearningcompute@3.0.0-alpha.20220316.1.
	npm ERR! notarget In most cases you or one of your dependencies are requesting
	npm ERR! notarget a package version that doesn't exist.
	System.Management.Automation.RemoteException
	npm ERR! A complete log of this run can be found in:
	npm ERR!     /home/vsts/.npm/_logs/2022-03-16T23_58_33_086Z-debug-0.log
Removed @azure/arm-machinelearningexperimentation@2.0.0-alpha.20220316.1 because of docs package validation failure on 2022-03-16 23:59 +00:00
	npm ERR! code ETARGET
	npm ERR! notarget No matching version found for @azure/arm-machinelearningexperimentation@2.0.0-alpha.20220316.1.
	npm ERR! notarget In most cases you or one of your dependencies are requesting
	npm ERR! notarget a package version that doesn't exist.
	System.Management.Automation.RemoteException
	npm ERR! A complete log of this run can be found in:
	npm ERR!     /home/vsts/.npm/_logs/2022-03-16T23_58_33_350Z-debug-0.log
Removed @azure/arm-commerce@4.0.0-alpha.20220316.1 because of docs package validation failure on 2022-03-16 23:59 +00:00
	npm ERR! code ETARGET
	npm ERR! notarget No matching version found for @azure/arm-commerce@4.0.0-alpha.20220316.1.
	npm ERR! notarget In most cases you or one of your dependencies are requesting
	npm ERR! notarget a package version that doesn't exist.
	System.Management.Automation.RemoteException
	npm ERR! A complete log of this run can be found in:
	npm ERR!     /home/vsts/.npm/_logs/2022-03-16T23_58_33_457Z-debug-0.log
Removed @azure/arm-datamigration@3.0.0-alpha.20220316.1 because of docs package validation failure on 2022-03-16 23:59 +00:00
	npm ERR! code ETARGET
	npm ERR! notarget No matching version found for @azure/arm-datamigration@3.0.0-alpha.20220316.1.
	npm ERR! notarget In most cases you or one of your dependencies are requesting
	npm ERR! notarget a package version that doesn't exist.
	System.Management.Automation.RemoteException
	npm ERR! A complete log of this run can be found in:
	npm ERR!     /home/vsts/.npm/_logs/2022-03-16T23_58_33_945Z-debug-0.log
Removed @azure/arm-commitmentplans@2.0.0-alpha.20220315.1 because of docs package validation failure on 2022-03-16 23:59 +00:00
	npm ERR! code ETARGET
	npm ERR! notarget No matching version found for @azure/arm-commitmentplans@2.0.0-alpha.20220315.1.
	npm ERR! notarget In most cases you or one of your dependencies are requesting
	npm ERR! notarget a package version that doesn't exist.
	System.Management.Automation.RemoteException
	npm ERR! A complete log of this run can be found in:
	npm ERR!     /home/vsts/.npm/_logs/2022-03-16T23_58_34_627Z-debug-0.log
Removed @azure/arm-resourcegraph@5.0.0-alpha.20220316.1 because of docs package validation failure on 2022-03-16 23:59 +00:00
	npm ERR! code ETARGET
	npm ERR! notarget No matching version found for @azure/arm-resourcegraph@5.0.0-alpha.20220316.1.
	npm ERR! notarget In most cases you or one of your dependencies are requesting
	npm ERR! notarget a package version that doesn't exist.
	System.Management.Automation.RemoteException
	npm ERR! A complete log of this run can be found in:
	npm ERR!     /home/vsts/.npm/_logs/2022-03-16T23_58_35_239Z-debug-0.log
Removed @azure/arm-servicemap@3.0.0-alpha.20220315.1 because of docs package validation failure on 2022-03-16 23:59 +00:00
	npm ERR! code ETARGET
	npm ERR! notarget No matching version found for @azure/arm-servicemap@3.0.0-alpha.20220315.1.
	npm ERR! notarget In most cases you or one of your dependencies are requesting
	npm ERR! notarget a package version that doesn't exist.
	System.Management.Automation.RemoteException
	npm ERR! A complete log of this run can be found in:
	npm ERR!     /home/vsts/.npm/_logs/2022-03-16T23_58_36_334Z-debug-0.log
Removed @azure/arm-visualstudio@4.0.0-alpha.20220316.1 because of docs package validation failure on 2022-03-16 23:59 +00:00
	npm ERR! code ETARGET
	npm ERR! notarget No matching version found for @azure/arm-visualstudio@4.0.0-alpha.20220316.1.
	npm ERR! notarget In most cases you or one of your dependencies are requesting
	npm ERR! notarget a package version that doesn't exist.
	System.Management.Automation.RemoteException
	npm ERR! A complete log of this run can be found in:
	npm ERR!     /home/vsts/.npm/_logs/2022-03-16T23_58_36_973Z-debug-0.log
Removed @azure/arm-servicefabricmesh@3.0.0-alpha.20220316.1 because of docs package validation failure on 2022-03-16 23:59 +00:00
	npm ERR! code ETARGET
	npm ERR! notarget No matching version found for @azure/arm-servicefabricmesh@3.0.0-alpha.20220316.1.
	npm ERR! notarget In most cases you or one of your dependencies are requesting
	npm ERR! notarget a package version that doesn't exist.
	System.Management.Automation.RemoteException
	npm ERR! A complete log of this run can be found in:
	npm ERR!     /home/vsts/.npm/_logs/2022-03-16T23_58_38_447Z-debug-0.log
Removed @azure/dtdl-parser@1.0.0-alpha.20220316.1 because of docs package validation failure on 2022-03-16 23:59 +00:00
	npm ERR! code ETARGET
	npm ERR! notarget No matching version found for @azure/dtdl-parser@1.0.0-alpha.20220316.1.
	npm ERR! notarget In most cases you or one of your dependencies are requesting
	npm ERR! notarget a package version that doesn't exist.
	System.Management.Automation.RemoteException
	npm ERR! A complete log of this run can be found in:
	npm ERR!     /home/vsts/.npm/_logs/2022-03-16T23_58_38_425Z-debug-0.log
Removed @azure/opentelemetry-instrumentation-azure-sdk@1.0.0-alpha.20220316.1 because of docs package validation failure on 2022-03-16 23:59 +00:00
	npm ERR! code ETARGET
	npm ERR! notarget No matching version found for @azure/opentelemetry-instrumentation-azure-sdk@1.0.0-alpha.20220316.1.
	npm ERR! notarget In most cases you or one of your dependencies are requesting
	npm ERR! notarget a package version that doesn't exist.
	System.Management.Automation.RemoteException
	npm ERR! A complete log of this run can be found in:
	npm ERR!     /home/vsts/.npm/_logs/2022-03-16T23_58_38_645Z-debug-0.log
Removed @azure/arm-mobilenetwork@1.0.0-alpha.20220316.1 because of docs package validation failure on 2022-03-16 23:59 +00:00
	npm ERR! code ETARGET
	npm ERR! notarget No matching version found for @azure/arm-mobilenetwork@1.0.0-alpha.20220316.1.
	npm ERR! notarget In most cases you or one of your dependencies are requesting
	npm ERR! notarget a package version that doesn't exist.
	System.Management.Automation.RemoteException
	npm ERR! A complete log of this run can be found in:
	npm ERR!     /home/vsts/.npm/_logs/2022-03-16T23_58_40_258Z-debug-0.log
Removed @azure/arm-digitaltwins@3.1.0-alpha.20220316.1 because of docs package validation failure on 2022-03-16 23:59 +00:00
	npm ERR! code ETARGET
	npm ERR! notarget No matching version found for @azure/arm-digitaltwins@3.1.0-alpha.20220316.1.
	npm ERR! notarget In most cases you or one of your dependencies are requesting
	npm ERR! notarget a package version that doesn't exist.
	System.Management.Automation.RemoteException
	npm ERR! A complete log of this run can be found in:
	npm ERR!     /home/vsts/.npm/_logs/2022-03-16T23_58_40_384Z-debug-0.log
Removed @azure/arm-commerce-profile-2020-09-01-hybrid@2.0.0-alpha.20220316.1 because of docs package validation failure on 2022-03-16 23:59 +00:00
	npm ERR! code ETARGET
	npm ERR! notarget No matching version found for @azure/arm-commerce-profile-2020-09-01-hybrid@2.0.0-alpha.20220316.1.
	npm ERR! notarget In most cases you or one of your dependencies are requesting
	npm ERR! notarget a package version that doesn't exist.
	System.Management.Automation.RemoteException
	npm ERR! A complete log of this run can be found in:
	npm ERR!     /home/vsts/.npm/_logs/2022-03-16T23_58_40_619Z-debug-0.log
Removed @azure/attestation@1.0.1-alpha.20220316.1 because of docs package validation failure on 2022-03-16 23:59 +00:00
	npm ERR! code ETARGET
	npm ERR! notarget No matching version found for @azure/attestation@1.0.1-alpha.20220316.1.
	npm ERR! notarget In most cases you or one of your dependencies are requesting
	npm ERR! notarget a package version that doesn't exist.
	System.Management.Automation.RemoteException
	npm ERR! A complete log of this run can be found in:
	npm ERR!     /home/vsts/.npm/_logs/2022-03-16T23_58_41_454Z-debug-0.log
Removed @azure/communication-common@2.0.0-alpha.20220316.1 because of docs package validation failure on 2022-03-16 23:59 +00:00
	npm ERR! code ETARGET
	npm ERR! notarget No matching version found for @azure/communication-common@2.0.0-alpha.20220316.1.
	npm ERR! notarget In most cases you or one of your dependencies are requesting
	npm ERR! notarget a package version that doesn't exist.
	System.Management.Automation.RemoteException
	npm ERR! A complete log of this run can be found in:
	npm ERR!     /home/vsts/.npm/_logs/2022-03-16T23_58_42_043Z-debug-0.log
Removed @azure/communication-sms@1.1.0-alpha.20220316.1 because of docs package validation failure on 2022-03-16 23:59 +00:00
	npm ERR! code ETARGET
	npm ERR! notarget No matching version found for @azure/communication-sms@1.1.0-alpha.20220316.1.
	npm ERR! notarget In most cases you or one of your dependencies are requesting
	npm ERR! notarget a package version that doesn't exist.
	System.Management.Automation.RemoteException
	npm ERR! A complete log of this run can be found in:
	npm ERR!     /home/vsts/.npm/_logs/2022-03-16T23_58_42_194Z-debug-0.log
Removed @azure/digital-twins-core@1.1.0-alpha.20220316.1 because of docs package validation failure on 2022-03-16 23:59 +00:00
	npm ERR! code ETARGET
	npm ERR! notarget No matching version found for @azure/digital-twins-core@1.1.0-alpha.20220316.1.
	npm ERR! notarget In most cases you or one of your dependencies are requesting
	npm ERR! notarget a package version that doesn't exist.
	System.Management.Automation.RemoteException
	npm ERR! A complete log of this run can be found in:
	npm ERR!     /home/vsts/.npm/_logs/2022-03-16T23_58_43_036Z-debug-0.log
Removed @azure/abort-controller@1.1.0-alpha.20220316.3 because of docs package validation failure on 2022-03-16 23:59 +00:00
	npm ERR! code ETARGET
	npm ERR! notarget No matching version found for @azure/abort-controller@1.1.0-alpha.20220316.3.
	npm ERR! notarget In most cases you or one of your dependencies are requesting
	npm ERR! notarget a package version that doesn't exist.
	System.Management.Automation.RemoteException
	npm ERR! A complete log of this run can be found in:
	npm ERR!     /home/vsts/.npm/_logs/2022-03-16T23_58_43_135Z-debug-0.log
Removed @azure/core-amqp@3.1.1-alpha.20220316.3 because of docs package validation failure on 2022-03-16 23:59 +00:00
	npm ERR! code ETARGET
	npm ERR! notarget No matching version found for @azure/core-amqp@3.1.1-alpha.20220316.3.
	npm ERR! notarget In most cases you or one of your dependencies are requesting
	npm ERR! notarget a package version that doesn't exist.
	System.Management.Automation.RemoteException
	npm ERR! A complete log of this run can be found in:
	npm ERR!     /home/vsts/.npm/_logs/2022-03-16T23_58_43_639Z-debug-0.log
Removed @azure/core-auth@1.3.3-alpha.20220316.3 because of docs package validation failure on 2022-03-16 23:59 +00:00
	npm ERR! code ETARGET
	npm ERR! notarget No matching version found for @azure/core-auth@1.3.3-alpha.20220316.3.
	npm ERR! notarget In most cases you or one of your dependencies are requesting
	npm ERR! notarget a package version that doesn't exist.
	System.Management.Automation.RemoteException
	npm ERR! A complete log of this run can be found in:
	npm ERR!     /home/vsts/.npm/_logs/2022-03-16T23_58_43_730Z-debug-0.log
Removed @azure/core-client@1.5.1-alpha.20220316.3 because of docs package validation failure on 2022-03-16 23:59 +00:00
	npm ERR! code ETARGET
	npm ERR! notarget No matching version found for @azure/core-client@1.5.1-alpha.20220316.3.
	npm ERR! notarget In most cases you or one of your dependencies are requesting
	npm ERR! notarget a package version that doesn't exist.
	System.Management.Automation.RemoteException
	npm ERR! A complete log of this run can be found in:
	npm ERR!     /home/vsts/.npm/_logs/2022-03-16T23_58_44_012Z-debug-0.log
Removed @azure/core-rest-pipeline@1.7.0-alpha.20220316.3 because of docs package validation failure on 2022-03-16 23:59 +00:00
	npm ERR! code ETARGET
	npm ERR! notarget No matching version found for @azure/core-rest-pipeline@1.7.0-alpha.20220316.3.
	npm ERR! notarget In most cases you or one of your dependencies are requesting
	npm ERR! notarget a package version that doesn't exist.
	System.Management.Automation.RemoteException
	npm ERR! A complete log of this run can be found in:
	npm ERR!     /home/vsts/.npm/_logs/2022-03-16T23_58_44_190Z-debug-0.log
Removed @azure/core-http@2.2.5-alpha.20220316.3 because of docs package validation failure on 2022-03-16 23:59 +00:00
	npm ERR! code ETARGET
	npm ERR! notarget No matching version found for @azure/core-http@2.2.5-alpha.20220316.3.
	npm ERR! notarget In most cases you or one of your dependencies are requesting
	npm ERR! notarget a package version that doesn't exist.
	System.Management.Automation.RemoteException
	npm ERR! A complete log of this run can be found in:
	npm ERR!     /home/vsts/.npm/_logs/2022-03-16T23_58_44_485Z-debug-0.log
Removed @azure/logger@1.0.4-alpha.20220316.3 because of docs package validation failure on 2022-03-16 23:59 +00:00
	npm ERR! code ETARGET
	npm ERR! notarget No matching version found for @azure/logger@1.0.4-alpha.20220316.3.
	npm ERR! notarget In most cases you or one of your dependencies are requesting
	npm ERR! notarget a package version that doesn't exist.
	System.Management.Automation.RemoteException
	npm ERR! A complete log of this run can be found in:
	npm ERR!     /home/vsts/.npm/_logs/2022-03-16T23_58_44_686Z-debug-0.log
Removed @azure/core-lro@2.2.5-alpha.20220316.3 because of docs package validation failure on 2022-03-16 23:59 +00:00
	npm ERR! code ETARGET
	npm ERR! notarget No matching version found for @azure/core-lro@2.2.5-alpha.20220316.3.
	npm ERR! notarget In most cases you or one of your dependencies are requesting
	npm ERR! notarget a package version that doesn't exist.
	System.Management.Automation.RemoteException
	npm ERR! A complete log of this run can be found in:
	npm ERR!     /home/vsts/.npm/_logs/2022-03-16T23_58_44_811Z-debug-0.log
Removed @azure/core-xml@1.2.1-alpha.20220316.3 because of docs package validation failure on 2022-03-16 23:59 +00:00
	npm ERR! code ETARGET
	npm ERR! notarget No matching version found for @azure/core-xml@1.2.1-alpha.20220316.3.
	npm ERR! notarget In most cases you or one of your dependencies are requesting
	npm ERR! notarget a package version that doesn't exist.
	System.Management.Automation.RemoteException
	npm ERR! A complete log of this run can be found in:
	npm ERR!     /home/vsts/.npm/_logs/2022-03-16T23_58_45_022Z-debug-0.log
Removed @azure/cosmos@3.15.1-alpha.20220316.1 because of docs package validation failure on 2022-03-16 23:59 +00:00
	npm ERR! code ETARGET
	npm ERR! notarget No matching version found for @azure/cosmos@3.15.1-alpha.20220316.1.
	npm ERR! notarget In most cases you or one of your dependencies are requesting
	npm ERR! notarget a package version that doesn't exist.
	System.Management.Automation.RemoteException
	npm ERR! A complete log of this run can be found in:
	npm ERR!     /home/vsts/.npm/_logs/2022-03-16T23_58_45_350Z-debug-0.log
Removed @azure/eventgrid@4.8.1-alpha.20220316.1 because of docs package validation failure on 2022-03-16 23:59 +00:00
	npm ERR! code ETARGET
	npm ERR! notarget No matching version found for @azure/eventgrid@4.8.1-alpha.20220316.1.
	npm ERR! notarget In most cases you or one of your dependencies are requesting
	npm ERR! notarget a package version that doesn't exist.
	System.Management.Automation.RemoteException
	npm ERR! A complete log of this run can be found in:
	npm ERR!     /home/vsts/.npm/_logs/2022-03-16T23_58_45_636Z-debug-0.log
Removed @azure/ai-metrics-advisor@1.0.1-alpha.20220316.1 because of docs package validation failure on 2022-03-16 23:59 +00:00
	npm ERR! code ETARGET
	npm ERR! notarget No matching version found for @azure/ai-metrics-advisor@1.0.1-alpha.20220316.1.
	npm ERR! notarget In most cases you or one of your dependencies are requesting
	npm ERR! notarget a package version that doesn't exist.
	System.Management.Automation.RemoteException
	npm ERR! A complete log of this run can be found in:
	npm ERR!     /home/vsts/.npm/_logs/2022-03-16T23_58_45_873Z-debug-0.log
Removed @azure/data-tables@13.1.0-alpha.20220316.1 because of docs package validation failure on 2022-03-16 23:59 +00:00
	npm ERR! code ETARGET
	npm ERR! notarget No matching version found for @azure/data-tables@13.1.0-alpha.20220316.1.
	npm ERR! notarget In most cases you or one of your dependencies are requesting
	npm ERR! notarget a package version that doesn't exist.
	System.Management.Automation.RemoteException
	npm ERR! A complete log of this run can be found in:
	npm ERR!     /home/vsts/.npm/_logs/2022-03-16T23_58_45_963Z-debug-0.log
Removed @azure/arm-appservice-profile-2020-09-01-hybrid@2.0.0-alpha.20220315.1 because of docs package validation failure on 2022-03-16 23:59 +00:00
	npm ERR! code ETARGET
	npm ERR! notarget No matching version found for @azure/arm-appservice-profile-2020-09-01-hybrid@2.0.0-alpha.20220315.1.
	npm ERR! notarget In most cases you or one of your dependencies are requesting
	npm ERR! notarget a package version that doesn't exist.
	System.Management.Automation.RemoteException
	npm ERR! A complete log of this run can be found in:
	npm ERR!     /home/vsts/.npm/_logs/2022-03-16T23_58_46_440Z-debug-0.log
Removed @azure/arm-authorization-profile-2020-09-01-hybrid@2.0.1-alpha.20220315.1 because of docs package validation failure on 2022-03-16 23:59 +00:00
	npm ERR! code ETARGET
	npm ERR! notarget No matching version found for @azure/arm-authorization-profile-2020-09-01-hybrid@2.0.1-alpha.20220315.1.
	npm ERR! notarget In most cases you or one of your dependencies are requesting
	npm ERR! notarget a package version that doesn't exist.
	System.Management.Automation.RemoteException
	npm ERR! A complete log of this run can be found in:
	npm ERR!     /home/vsts/.npm/_logs/2022-03-16T23_58_46_841Z-debug-0.log
Removed @azure/arm-changeanalysis@2.0.1-alpha.20220316.1 because of docs package validation failure on 2022-03-16 23:59 +00:00
	npm ERR! code ETARGET
	npm ERR! notarget No matching version found for @azure/arm-changeanalysis@2.0.1-alpha.20220316.1.
	npm ERR! notarget In most cases you or one of your dependencies are requesting
	npm ERR! notarget a package version that doesn't exist.
	System.Management.Automation.RemoteException
	npm ERR! A complete log of this run can be found in:
	npm ERR!     /home/vsts/.npm/_logs/2022-03-16T23_58_47_082Z-debug-0.log
Removed @azure/arm-compute-profile-2020-09-01-hybrid@2.0.1-alpha.20220316.1 because of docs package validation failure on 2022-03-16 23:59 +00:00
	npm ERR! code ETARGET
	npm ERR! notarget No matching version found for @azure/arm-compute-profile-2020-09-01-hybrid@2.0.1-alpha.20220316.1.
	npm ERR! notarget In most cases you or one of your dependencies are requesting
	npm ERR! notarget a package version that doesn't exist.
	System.Management.Automation.RemoteException
	npm ERR! A complete log of this run can be found in:
	npm ERR!     /home/vsts/.npm/_logs/2022-03-16T23_58_47_340Z-debug-0.log
Removed @azure/arm-databoxedge-profile-2020-09-01-hybrid@2.0.0-alpha.20220316.1 because of docs package validation failure on 2022-03-16 23:59 +00:00
	npm ERR! code ETARGET
	npm ERR! notarget No matching version found for @azure/arm-databoxedge-profile-2020-09-01-hybrid@2.0.0-alpha.20220316.1.
	npm ERR! notarget In most cases you or one of your dependencies are requesting
	npm ERR! notarget a package version that doesn't exist.
	System.Management.Automation.RemoteException
	npm ERR! A complete log of this run can be found in:
	npm ERR!     /home/vsts/.npm/_logs/2022-03-16T23_58_47_484Z-debug-0.log
Removed @azure/arm-dns-profile-2020-09-01-hybrid@2.0.0-alpha.20220316.1 because of docs package validation failure on 2022-03-16 23:59 +00:00
	npm ERR! code ETARGET
	npm ERR! notarget No matching version found for @azure/arm-dns-profile-2020-09-01-hybrid@2.0.0-alpha.20220316.1.
	npm ERR! notarget In most cases you or one of your dependencies are requesting
	npm ERR! notarget a package version that doesn't exist.
	System.Management.Automation.RemoteException
	npm ERR! A complete log of this run can be found in:
	npm ERR!     /home/vsts/.npm/_logs/2022-03-16T23_58_47_534Z-debug-0.log
Removed @azure/arm-healthbot@2.0.1-alpha.20220316.1 because of docs package validation failure on 2022-03-16 23:59 +00:00
	npm ERR! code ETARGET
	npm ERR! notarget No matching version found for @azure/arm-healthbot@2.0.1-alpha.20220316.1.
	npm ERR! notarget In most cases you or one of your dependencies are requesting
	npm ERR! notarget a package version that doesn't exist.
	System.Management.Automation.RemoteException
	npm ERR! A complete log of this run can be found in:
	npm ERR!     /home/vsts/.npm/_logs/2022-03-16T23_58_48_375Z-debug-0.log
Removed @azure/arm-keyvault-profile-2020-09-01-hybrid@2.0.0-alpha.20220315.1 because of docs package validation failure on 2022-03-16 23:59 +00:00
	npm ERR! code ETARGET
	npm ERR! notarget No matching version found for @azure/arm-keyvault-profile-2020-09-01-hybrid@2.0.0-alpha.20220315.1.
	npm ERR! notarget In most cases you or one of your dependencies are requesting
	npm ERR! notarget a package version that doesn't exist.
	System.Management.Automation.RemoteException
	npm ERR! A complete log of this run can be found in:
	npm ERR!     /home/vsts/.npm/_logs/2022-03-16T23_58_48_757Z-debug-0.log
Removed @azure/arm-locks-profile-2020-09-01-hybrid@2.0.1-alpha.20220316.1 because of docs package validation failure on 2022-03-16 23:59 +00:00
	npm ERR! code ETARGET
	npm ERR! notarget No matching version found for @azure/arm-locks-profile-2020-09-01-hybrid@2.0.1-alpha.20220316.1.
	npm ERR! notarget In most cases you or one of your dependencies are requesting
	npm ERR! notarget a package version that doesn't exist.
	System.Management.Automation.RemoteException
	npm ERR! A complete log of this run can be found in:
	npm ERR!     /home/vsts/.npm/_logs/2022-03-16T23_58_48_935Z-debug-0.log
Removed @azure/arm-network-profile-2020-09-01-hybrid@2.0.1-alpha.20220316.1 because of docs package validation failure on 2022-03-16 23:59 +00:00
	npm ERR! code ETARGET
	npm ERR! notarget No matching version found for @azure/arm-network-profile-2020-09-01-hybrid@2.0.1-alpha.20220316.1.
	npm ERR! notarget In most cases you or one of your dependencies are requesting
	npm ERR! notarget a package version that doesn't exist.
	System.Management.Automation.RemoteException
	npm ERR! A complete log of this run can be found in:
	npm ERR!     /home/vsts/.npm/_logs/2022-03-16T23_58_49_906Z-debug-0.log
Removed @azure/arm-policy-profile-2020-09-01-hybrid@2.0.1-alpha.20220316.1 because of docs package validation failure on 2022-03-16 23:59 +00:00
	npm ERR! code ETARGET
	npm ERR! notarget No matching version found for @azure/arm-policy-profile-2020-09-01-hybrid@2.0.1-alpha.20220316.1.
	npm ERR! notarget In most cases you or one of your dependencies are requesting
	npm ERR! notarget a package version that doesn't exist.
	System.Management.Automation.RemoteException
	npm ERR! A complete log of this run can be found in:
	npm ERR!     /home/vsts/.npm/_logs/2022-03-16T23_58_50_680Z-debug-0.log
Removed @azure/arm-resourcemover@2.0.0-alpha.20220316.1 because of docs package validation failure on 2022-03-16 23:59 +00:00
	npm ERR! code ETARGET
	npm ERR! notarget No matching version found for @azure/arm-resourcemover@2.0.0-alpha.20220316.1.
	npm ERR! notarget In most cases you or one of your dependencies are requesting
	npm ERR! notarget a package version that doesn't exist.
	System.Management.Automation.RemoteException
	npm ERR! A complete log of this run can be found in:
	npm ERR!     /home/vsts/.npm/_logs/2022-03-16T23_58_50_941Z-debug-0.log
Removed @azure/arm-resources-profile-2020-09-01-hybrid@2.0.1-alpha.20220316.1 because of docs package validation failure on 2022-03-16 23:59 +00:00
	npm ERR! code ETARGET
	npm ERR! notarget No matching version found for @azure/arm-resources-profile-2020-09-01-hybrid@2.0.1-alpha.20220316.1.
	npm ERR! notarget In most cases you or one of your dependencies are requesting
	npm ERR! notarget a package version that doesn't exist.
	System.Management.Automation.RemoteException
	npm ERR! A complete log of this run can be found in:
	npm ERR!     /home/vsts/.npm/_logs/2022-03-16T23_58_51_213Z-debug-0.log
Removed @azure/arm-storage-profile-2020-09-01-hybrid@2.0.1-alpha.20220316.1 because of docs package validation failure on 2022-03-16 23:59 +00:00
	npm ERR! code ETARGET
	npm ERR! notarget No matching version found for @azure/arm-storage-profile-2020-09-01-hybrid@2.0.1-alpha.20220316.1.
	npm ERR! notarget In most cases you or one of your dependencies are requesting
	npm ERR! notarget a package version that doesn't exist.
	System.Management.Automation.RemoteException
	npm ERR! A complete log of this run can be found in:
	npm ERR!     /home/vsts/.npm/_logs/2022-03-16T23_58_51_499Z-debug-0.log
Removed @azure/arm-subscriptions-profile-2020-09-01-hybrid@2.0.1-alpha.20220316.1 because of docs package validation failure on 2022-03-16 23:59 +00:00
	npm ERR! code ETARGET
	npm ERR! notarget No matching version found for @azure/arm-subscriptions-profile-2020-09-01-hybrid@2.0.1-alpha.20220316.1.
	npm ERR! notarget In most cases you or one of your dependencies are requesting
	npm ERR! notarget a package version that doesn't exist.
	System.Management.Automation.RemoteException
	npm ERR! A complete log of this run can be found in:
	npm ERR!     /home/vsts/.npm/_logs/2022-03-16T23_58_51_734Z-debug-0.log
Removed @azure/arm-advisor@3.0.1-alpha.20220316.1 because of docs package validation failure on 2022-03-16 23:59 +00:00
	npm ERR! code ETARGET
	npm ERR! notarget No matching version found for @azure/arm-advisor@3.0.1-alpha.20220316.1.
	npm ERR! notarget In most cases you or one of your dependencies are requesting
	npm ERR! notarget a package version that doesn't exist.
	System.Management.Automation.RemoteException
	npm ERR! A complete log of this run can be found in:
	npm ERR!     /home/vsts/.npm/_logs/2022-03-16T23_58_51_963Z-debug-0.log
Removed @azure/arm-attestation@2.0.1-alpha.20220316.1 because of docs package validation failure on 2022-03-16 23:59 +00:00
	npm ERR! code ETARGET
	npm ERR! notarget No matching version found for @azure/arm-attestation@2.0.1-alpha.20220316.1.
	npm ERR! notarget In most cases you or one of your dependencies are requesting
	npm ERR! notarget a package version that doesn't exist.
	System.Management.Automation.RemoteException
	npm ERR! A complete log of this run can be found in:
	npm ERR!     /home/vsts/.npm/_logs/2022-03-16T23_58_52_141Z-debug-0.log
Removed @azure/arm-azurestackhci@2.1.1-alpha.20220316.1 because of docs package validation failure on 2022-03-16 23:59 +00:00
	npm ERR! code ETARGET
	npm ERR! notarget No matching version found for @azure/arm-azurestackhci@2.1.1-alpha.20220316.1.
	npm ERR! notarget In most cases you or one of your dependencies are requesting
	npm ERR! notarget a package version that doesn't exist.
	System.Management.Automation.RemoteException
	npm ERR! A complete log of this run can be found in:
	npm ERR!     /home/vsts/.npm/_logs/2022-03-16T23_58_52_550Z-debug-0.log
Removed @azure/arm-avs@3.0.1-alpha.20220315.1 because of docs package validation failure on 2022-03-16 23:59 +00:00
	npm ERR! code ETARGET
	npm ERR! notarget No matching version found for @azure/arm-avs@3.0.1-alpha.20220315.1.
	npm ERR! notarget In most cases you or one of your dependencies are requesting
	npm ERR! notarget a package version that doesn't exist.
	System.Management.Automation.RemoteException
	npm ERR! A complete log of this run can be found in:
	npm ERR!     /home/vsts/.npm/_logs/2022-03-16T23_58_52_676Z-debug-0.log
Removed @azure/arm-cognitiveservices@7.0.1-alpha.20220315.1 because of docs package validation failure on 2022-03-16 23:59 +00:00
	npm ERR! code ETARGET
	npm ERR! notarget No matching version found for @azure/arm-cognitiveservices@7.0.1-alpha.20220315.1.
	npm ERR! notarget In most cases you or one of your dependencies are requesting
	npm ERR! notarget a package version that doesn't exist.
	System.Management.Automation.RemoteException
	npm ERR! A complete log of this run can be found in:
	npm ERR!     /home/vsts/.npm/_logs/2022-03-16T23_58_53_132Z-debug-0.log
Removed @azure/arm-communication@3.0.1-alpha.20220316.1 because of docs package validation failure on 2022-03-16 23:59 +00:00
	npm ERR! code ETARGET
	npm ERR! notarget No matching version found for @azure/arm-communication@3.0.1-alpha.20220316.1.
	npm ERR! notarget In most cases you or one of your dependencies are requesting
	npm ERR! notarget a package version that doesn't exist.
	System.Management.Automation.RemoteException
	npm ERR! A complete log of this run can be found in:
	npm ERR!     /home/vsts/.npm/_logs/2022-03-16T23_58_53_705Z-debug-0.log
Removed @azure/arm-containerinstance@8.0.1-alpha.20220316.1 because of docs package validation failure on 2022-03-16 23:59 +00:00
	npm ERR! code ETARGET
	npm ERR! notarget No matching version found for @azure/arm-containerinstance@8.0.1-alpha.20220316.1.
	npm ERR! notarget In most cases you or one of your dependencies are requesting
	npm ERR! notarget a package version that doesn't exist.
	System.Management.Automation.RemoteException
	npm ERR! A complete log of this run can be found in:
	npm ERR!     /home/vsts/.npm/_logs/2022-03-16T23_58_53_675Z-debug-0.log
Removed @azure/arm-databoxedge@2.0.1-alpha.20220316.1 because of docs package validation failure on 2022-03-16 23:59 +00:00
	npm ERR! code ETARGET
	npm ERR! notarget No matching version found for @azure/arm-databoxedge@2.0.1-alpha.20220316.1.
	npm ERR! notarget In most cases you or one of your dependencies are requesting
	npm ERR! notarget a package version that doesn't exist.
	System.Management.Automation.RemoteException
	npm ERR! A complete log of this run can be found in:
	npm ERR!     /home/vsts/.npm/_logs/2022-03-16T23_58_54_561Z-debug-0.log
Removed @azure/arm-datacatalog@3.0.0-alpha.20220316.1 because of docs package validation failure on 2022-03-16 23:59 +00:00
	npm ERR! code ETARGET
	npm ERR! notarget No matching version found for @azure/arm-datacatalog@3.0.0-alpha.20220316.1.
	npm ERR! notarget In most cases you or one of your dependencies are requesting
	npm ERR! notarget a package version that doesn't exist.
	System.Management.Automation.RemoteException
	npm ERR! A complete log of this run can be found in:
	npm ERR!     /home/vsts/.npm/_logs/2022-03-16T23_58_54_769Z-debug-0.log
Removed @azure/arm-devspaces@2.0.1-alpha.20220315.1 because of docs package validation failure on 2022-03-16 23:59 +00:00
	npm ERR! code ETARGET
	npm ERR! notarget No matching version found for @azure/arm-devspaces@2.0.1-alpha.20220315.1.
	npm ERR! notarget In most cases you or one of your dependencies are requesting
	npm ERR! notarget a package version that doesn't exist.
	System.Management.Automation.RemoteException
	npm ERR! A complete log of this run can be found in:
	npm ERR!     /home/vsts/.npm/_logs/2022-03-16T23_58_55_267Z-debug-0.log
Removed @azure/arm-deviceprovisioningservices@4.1.1-alpha.20220316.1 because of docs package validation failure on 2022-03-16 23:59 +00:00
	npm ERR! code ETARGET
	npm ERR! notarget No matching version found for @azure/arm-deviceprovisioningservices@4.1.1-alpha.20220316.1.
	npm ERR! notarget In most cases you or one of your dependencies are requesting
	npm ERR! notarget a package version that doesn't exist.
	System.Management.Automation.RemoteException
	npm ERR! A complete log of this run can be found in:
	npm ERR!     /home/vsts/.npm/_logs/2022-03-16T23_58_55_652Z-debug-0.log
Removed @azure/arm-dns@5.0.1-alpha.20220316.1 because of docs package validation failure on 2022-03-16 23:59 +00:00
	npm ERR! code ETARGET
	npm ERR! notarget No matching version found for @azure/arm-dns@5.0.1-alpha.20220316.1.
	npm ERR! notarget In most cases you or one of your dependencies are requesting
	npm ERR! notarget a package version that doesn't exist.
	System.Management.Automation.RemoteException
	npm ERR! A complete log of this run can be found in:
	npm ERR!     /home/vsts/.npm/_logs/2022-03-16T23_58_55_973Z-debug-0.log
Removed @azure/arm-domainservices@4.0.1-alpha.20220316.1 because of docs package validation failure on 2022-03-16 23:59 +00:00
	npm ERR! code ETARGET
	npm ERR! notarget No matching version found for @azure/arm-domainservices@4.0.1-alpha.20220316.1.
	npm ERR! notarget In most cases you or one of your dependencies are requesting
	npm ERR! notarget a package version that doesn't exist.
	System.Management.Automation.RemoteException
	npm ERR! A complete log of this run can be found in:
	npm ERR!     /home/vsts/.npm/_logs/2022-03-16T23_58_56_195Z-debug-0.log
Removed @azure/arm-hdinsight@1.1.1-alpha.20220316.1 because of docs package validation failure on 2022-03-16 23:59 +00:00
	npm ERR! code ETARGET
	npm ERR! notarget No matching version found for @azure/arm-hdinsight@1.1.1-alpha.20220316.1.
	npm ERR! notarget In most cases you or one of your dependencies are requesting
	npm ERR! notarget a package version that doesn't exist.
	System.Management.Automation.RemoteException
	npm ERR! A complete log of this run can be found in:
	npm ERR!     /home/vsts/.npm/_logs/2022-03-16T23_58_56_719Z-debug-0.log
Removed @azure/arm-hybridcompute@3.0.0-alpha.20220316.1 because of docs package validation failure on 2022-03-16 23:59 +00:00
	npm ERR! code ETARGET
	npm ERR! notarget No matching version found for @azure/arm-hybridcompute@3.0.0-alpha.20220316.1.
	npm ERR! notarget In most cases you or one of your dependencies are requesting
	npm ERR! notarget a package version that doesn't exist.
	System.Management.Automation.RemoteException
	npm ERR! A complete log of this run can be found in:
	npm ERR!     /home/vsts/.npm/_logs/2022-03-16T23_58_57_301Z-debug-0.log
Removed @azure/arm-imagebuilder@1.0.2-alpha.20220316.1 because of docs package validation failure on 2022-03-16 23:59 +00:00
	npm ERR! code ETARGET
	npm ERR! notarget No matching version found for @azure/arm-imagebuilder@1.0.2-alpha.20220316.1.
	npm ERR! notarget In most cases you or one of your dependencies are requesting
	npm ERR! notarget a package version that doesn't exist.
	System.Management.Automation.RemoteException
	npm ERR! A complete log of this run can be found in:
	npm ERR!     /home/vsts/.npm/_logs/2022-03-16T23_58_57_503Z-debug-0.log
Removed @azure/arm-iotcentral@6.0.0-alpha.20220316.1 because of docs package validation failure on 2022-03-16 23:59 +00:00
	npm ERR! code ETARGET
	npm ERR! notarget No matching version found for @azure/arm-iotcentral@6.0.0-alpha.20220316.1.
	npm ERR! notarget In most cases you or one of your dependencies are requesting
	npm ERR! notarget a package version that doesn't exist.
	System.Management.Automation.RemoteException
	npm ERR! A complete log of this run can be found in:
	npm ERR!     /home/vsts/.npm/_logs/2022-03-16T23_58_58_366Z-debug-0.log
Removed @azure/arm-iothub@6.1.0-alpha.20220316.1 because of docs package validation failure on 2022-03-16 23:59 +00:00
	npm ERR! code ETARGET
	npm ERR! notarget No matching version found for @azure/arm-iothub@6.1.0-alpha.20220316.1.
	npm ERR! notarget In most cases you or one of your dependencies are requesting
	npm ERR! notarget a package version that doesn't exist.
	System.Management.Automation.RemoteException
	npm ERR! A complete log of this run can be found in:
	npm ERR!     /home/vsts/.npm/_logs/2022-03-16T23_58_58_504Z-debug-0.log
Removed @azure/arm-kusto@7.1.1-alpha.20220316.1 because of docs package validation failure on 2022-03-16 23:59 +00:00
	npm ERR! code ETARGET
	npm ERR! notarget No matching version found for @azure/arm-kusto@7.1.1-alpha.20220316.1.
	npm ERR! notarget In most cases you or one of your dependencies are requesting
	npm ERR! notarget a package version that doesn't exist.
	System.Management.Automation.RemoteException
	npm ERR! A complete log of this run can be found in:
	npm ERR!     /home/vsts/.npm/_logs/2022-03-16T23_58_59_014Z-debug-0.log
Removed @azure/arm-machinelearningservices@5.0.0-alpha.20220316.1 because of docs package validation failure on 2022-03-16 23:59 +00:00
	npm ERR! code ETARGET
	npm ERR! notarget No matching version found for @azure/arm-machinelearningservices@5.0.0-alpha.20220316.1.
	npm ERR! notarget In most cases you or one of your dependencies are requesting
	npm ERR! notarget a package version that doesn't exist.
	System.Management.Automation.RemoteException
	npm ERR! A complete log of this run can be found in:
	npm ERR!     /home/vsts/.npm/_logs/2022-03-16T23_58_59_341Z-debug-0.log
Removed @azure/arm-managementpartner@2.0.0-alpha.20220316.1 because of docs package validation failure on 2022-03-16 23:59 +00:00
	npm ERR! code ETARGET
	npm ERR! notarget No matching version found for @azure/arm-managementpartner@2.0.0-alpha.20220316.1.
	npm ERR! notarget In most cases you or one of your dependencies are requesting
	npm ERR! notarget a package version that doesn't exist.
	System.Management.Automation.RemoteException
	npm ERR! A complete log of this run can be found in:
	npm ERR!     /home/vsts/.npm/_logs/2022-03-16T23_58_59_802Z-debug-0.log
Removed @azure/arm-maps@3.0.0-alpha.20220316.1 because of docs package validation failure on 2022-03-16 23:59 +00:00
	npm ERR! code ETARGET
	npm ERR! notarget No matching version found for @azure/arm-maps@3.0.0-alpha.20220316.1.
	npm ERR! notarget In most cases you or one of your dependencies are requesting
	npm ERR! notarget a package version that doesn't exist.
	System.Management.Automation.RemoteException
	npm ERR! A complete log of this run can be found in:
	npm ERR!     /home/vsts/.npm/_logs/2022-03-16T23_59_00_122Z-debug-0.log
Removed @azure/arm-marketplaceordering@3.0.0-alpha.20220316.1 because of docs package validation failure on 2022-03-16 23:59 +00:00
	npm ERR! code ETARGET
	npm ERR! notarget No matching version found for @azure/arm-marketplaceordering@3.0.0-alpha.20220316.1.
	npm ERR! notarget In most cases you or one of your dependencies are requesting
	npm ERR! notarget a package version that doesn't exist.
	System.Management.Automation.RemoteException
	npm ERR! A complete log of this run can be found in:
	npm ERR!     /home/vsts/.npm/_logs/2022-03-16T23_59_00_230Z-debug-0.log
Removed @azure/arm-migrate@2.0.0-alpha.20220316.1 because of docs package validation failure on 2022-03-16 23:59 +00:00
	npm ERR! code ETARGET
	npm ERR! notarget No matching version found for @azure/arm-migrate@2.0.0-alpha.20220316.1.
	npm ERR! notarget In most cases you or one of your dependencies are requesting
	npm ERR! notarget a package version that doesn't exist.
	System.Management.Automation.RemoteException
	npm ERR! A complete log of this run can be found in:
	npm ERR!     /home/vsts/.npm/_logs/2022-03-16T23_59_00_651Z-debug-0.log
Removed @azure/arm-mixedreality@4.0.1-alpha.20220316.1 because of docs package validation failure on 2022-03-16 23:59 +00:00
	npm ERR! code ETARGET
	npm ERR! notarget No matching version found for @azure/arm-mixedreality@4.0.1-alpha.20220316.1.
	npm ERR! notarget In most cases you or one of your dependencies are requesting
	npm ERR! notarget a package version that doesn't exist.
	System.Management.Automation.RemoteException
	npm ERR! A complete log of this run can be found in:
	npm ERR!     /home/vsts/.npm/_logs/2022-03-16T23_59_01_363Z-debug-0.log
Removed @azure/arm-netapp@15.1.1-alpha.20220315.1 because of docs package validation failure on 2022-03-16 23:59 +00:00
	npm ERR! code ETARGET
	npm ERR! notarget No matching version found for @azure/arm-netapp@15.1.1-alpha.20220315.1.
	npm ERR! notarget In most cases you or one of your dependencies are requesting
	npm ERR! notarget a package version that doesn't exist.
	System.Management.Automation.RemoteException
	npm ERR! A complete log of this run can be found in:
	npm ERR!     /home/vsts/.npm/_logs/2022-03-16T23_59_01_998Z-debug-0.log
Removed @azure/arm-peering@2.0.0-alpha.20220316.1 because of docs package validation failure on 2022-03-16 23:59 +00:00
	npm ERR! code ETARGET
	npm ERR! notarget No matching version found for @azure/arm-peering@2.0.0-alpha.20220316.1.
	npm ERR! notarget In most cases you or one of your dependencies are requesting
	npm ERR! notarget a package version that doesn't exist.
	System.Management.Automation.RemoteException
	npm ERR! A complete log of this run can be found in:
	npm ERR!     /home/vsts/.npm/_logs/2022-03-16T23_59_02_214Z-debug-0.log
Removed @azure/arm-policyinsights@5.0.1-alpha.20220316.1 because of docs package validation failure on 2022-03-16 23:59 +00:00
	npm ERR! code ETARGET
	npm ERR! notarget No matching version found for @azure/arm-policyinsights@5.0.1-alpha.20220316.1.
	npm ERR! notarget In most cases you or one of your dependencies are requesting
	npm ERR! notarget a package version that doesn't exist.
	System.Management.Automation.RemoteException
	npm ERR! A complete log of this run can be found in:
	npm ERR!     /home/vsts/.npm/_logs/2022-03-16T23_59_02_753Z-debug-0.log
Removed @azure/arm-postgresql-flexible@5.0.0-alpha.20220316.1 because of docs package validation failure on 2022-03-16 23:59 +00:00
	npm ERR! code ETARGET
	npm ERR! notarget No matching version found for @azure/arm-postgresql-flexible@5.0.0-alpha.20220316.1.
	npm ERR! notarget In most cases you or one of your dependencies are requesting
	npm ERR! notarget a package version that doesn't exist.
	System.Management.Automation.RemoteException
	npm ERR! A complete log of this run can be found in:
	npm ERR!     /home/vsts/.npm/_logs/2022-03-16T23_59_03_106Z-debug-0.log
Removed @azure/arm-powerbiembedded@2.0.0-alpha.20220316.1 because of docs package validation failure on 2022-03-16 23:59 +00:00
	npm ERR! code ETARGET
	npm ERR! notarget No matching version found for @azure/arm-powerbiembedded@2.0.0-alpha.20220316.1.
	npm ERR! notarget In most cases you or one of your dependencies are requesting
	npm ERR! notarget a package version that doesn't exist.
	System.Management.Automation.RemoteException
	npm ERR! A complete log of this run can be found in:
	npm ERR!     /home/vsts/.npm/_logs/2022-03-16T23_59_03_663Z-debug-0.log
Removed @azure/arm-privatedns@3.0.1-alpha.20220316.1 because of docs package validation failure on 2022-03-16 23:59 +00:00
	npm ERR! code ETARGET
	npm ERR! notarget No matching version found for @azure/arm-privatedns@3.0.1-alpha.20220316.1.
	npm ERR! notarget In most cases you or one of your dependencies are requesting
	npm ERR! notarget a package version that doesn't exist.
	System.Management.Automation.RemoteException
	npm ERR! A complete log of this run can be found in:
	npm ERR!     /home/vsts/.npm/_logs/2022-03-16T23_59_04_257Z-debug-0.log
Removed @azure/arm-reservations@7.0.0-alpha.20220316.1 because of docs package validation failure on 2022-03-16 23:59 +00:00
	npm ERR! code ETARGET
	npm ERR! notarget No matching version found for @azure/arm-reservations@7.0.0-alpha.20220316.1.
	npm ERR! notarget In most cases you or one of your dependencies are requesting
	npm ERR! notarget a package version that doesn't exist.
	System.Management.Automation.RemoteException
	npm ERR! A complete log of this run can be found in:
	npm ERR!     /home/vsts/.npm/_logs/2022-03-16T23_59_05_582Z-debug-0.log
Removed @azure/arm-serialconsole@2.0.0-alpha.20220316.1 because of docs package validation failure on 2022-03-16 23:59 +00:00
	npm ERR! code ETARGET
	npm ERR! notarget No matching version found for @azure/arm-serialconsole@2.0.0-alpha.20220316.1.
	npm ERR! notarget In most cases you or one of your dependencies are requesting
	npm ERR! notarget a package version that doesn't exist.
	System.Management.Automation.RemoteException
	npm ERR! A complete log of this run can be found in:
	npm ERR!     /home/vsts/.npm/_logs/2022-03-16T23_59_06_082Z-debug-0.log
Removed @azure/arm-signalr@5.0.0-alpha.20220316.1 because of docs package validation failure on 2022-03-16 23:59 +00:00
	npm ERR! code ETARGET
	npm ERR! notarget No matching version found for @azure/arm-signalr@5.0.0-alpha.20220316.1.
	npm ERR! notarget In most cases you or one of your dependencies are requesting
	npm ERR! notarget a package version that doesn't exist.
	System.Management.Automation.RemoteException
	npm ERR! A complete log of this run can be found in:
	npm ERR!     /home/vsts/.npm/_logs/2022-03-16T23_59_06_970Z-debug-0.log
Removed @azure/arm-storagecache@5.0.0-alpha.20220316.1 because of docs package validation failure on 2022-03-16 23:59 +00:00
	npm ERR! code ETARGET
	npm ERR! notarget No matching version found for @azure/arm-storagecache@5.0.0-alpha.20220316.1.
	npm ERR! notarget In most cases you or one of your dependencies are requesting
	npm ERR! notarget a package version that doesn't exist.
	System.Management.Automation.RemoteException
	npm ERR! A complete log of this run can be found in:
	npm ERR!     /home/vsts/.npm/_logs/2022-03-16T23_59_07_300Z-debug-0.log
Removed @azure/arm-storageimportexport@2.0.1-alpha.20220316.1 because of docs package validation failure on 2022-03-16 23:59 +00:00
	npm ERR! code ETARGET
	npm ERR! notarget No matching version found for @azure/arm-storageimportexport@2.0.1-alpha.20220316.1.
	npm ERR! notarget In most cases you or one of your dependencies are requesting
	npm ERR! notarget a package version that doesn't exist.
	System.Management.Automation.RemoteException
	npm ERR! A complete log of this run can be found in:
	npm ERR!     /home/vsts/.npm/_logs/2022-03-16T23_59_07_974Z-debug-0.log
Removed @azure/arm-subscriptions@5.0.1-alpha.20220316.1 because of docs package validation failure on 2022-03-16 23:59 +00:00
	npm ERR! code ETARGET
	npm ERR! notarget No matching version found for @azure/arm-subscriptions@5.0.1-alpha.20220316.1.
	npm ERR! notarget In most cases you or one of your dependencies are requesting
	npm ERR! notarget a package version that doesn't exist.
	System.Management.Automation.RemoteException
	npm ERR! A complete log of this run can be found in:
	npm ERR!     /home/vsts/.npm/_logs/2022-03-16T23_59_08_819Z-debug-0.log
Removed @azure/arm-support@2.0.0-alpha.20220316.1 because of docs package validation failure on 2022-03-16 23:59 +00:00
	npm ERR! code ETARGET
	npm ERR! notarget No matching version found for @azure/arm-support@2.0.0-alpha.20220316.1.
	npm ERR! notarget In most cases you or one of your dependencies are requesting
	npm ERR! notarget a package version that doesn't exist.
	System.Management.Automation.RemoteException
	npm ERR! A complete log of this run can be found in:
	npm ERR!     /home/vsts/.npm/_logs/2022-03-16T23_59_09_148Z-debug-0.log
Removed @azure/arm-synapse@8.0.1-alpha.20220316.1 because of docs package validation failure on 2022-03-16 23:59 +00:00
	npm ERR! code ETARGET
	npm ERR! notarget No matching version found for @azure/arm-synapse@8.0.1-alpha.20220316.1.
	npm ERR! notarget In most cases you or one of your dependencies are requesting
	npm ERR! notarget a package version that doesn't exist.
	System.Management.Automation.RemoteException
	npm ERR! A complete log of this run can be found in:
	npm ERR!     /home/vsts/.npm/_logs/2022-03-16T23_59_09_458Z-debug-0.log
Removed @azure/arm-timeseriesinsights@2.0.0-alpha.20220316.1 because of docs package validation failure on 2022-03-16 23:59 +00:00
	npm ERR! code ETARGET
	npm ERR! notarget No matching version found for @azure/arm-timeseriesinsights@2.0.0-alpha.20220316.1.
	npm ERR! notarget In most cases you or one of your dependencies are requesting
	npm ERR! notarget a package version that doesn't exist.
	System.Management.Automation.RemoteException
	npm ERR! A complete log of this run can be found in:
	npm ERR!     /home/vsts/.npm/_logs/2022-03-16T23_59_10_214Z-debug-0.log
Removed @azure/arm-trafficmanager@6.0.0-alpha.20220316.1 because of docs package validation failure on 2022-03-16 23:59 +00:00
	npm ERR! code ETARGET
	npm ERR! notarget No matching version found for @azure/arm-trafficmanager@6.0.0-alpha.20220316.1.
	npm ERR! notarget In most cases you or one of your dependencies are requesting
	npm ERR! notarget a package version that doesn't exist.
	System.Management.Automation.RemoteException
	npm ERR! A complete log of this run can be found in:
	npm ERR!     /home/vsts/.npm/_logs/2022-03-16T23_59_10_501Z-debug-0.log
Removed @azure/arm-webservices@1.0.0-alpha.20220315.1 because of docs package validation failure on 2022-03-16 23:59 +00:00
	npm ERR! code ETARGET
	npm ERR! notarget No matching version found for @azure/arm-webservices@1.0.0-alpha.20220315.1.
	npm ERR! notarget In most cases you or one of your dependencies are requesting
	npm ERR! notarget a package version that doesn't exist.
	System.Management.Automation.RemoteException
	npm ERR! A complete log of this run can be found in:
	npm ERR!     /home/vsts/.npm/_logs/2022-03-16T23_59_11_099Z-debug-0.log
Removed @azure/arm-workspaces@1.0.0-alpha.20220315.1 because of docs package validation failure on 2022-03-16 23:59 +00:00
	npm ERR! code ETARGET
	npm ERR! notarget No matching version found for @azure/arm-workspaces@1.0.0-alpha.20220315.1.
	npm ERR! notarget In most cases you or one of your dependencies are requesting
	npm ERR! notarget a package version that doesn't exist.
	System.Management.Automation.RemoteException
	npm ERR! A complete log of this run can be found in:
	npm ERR!     /home/vsts/.npm/_logs/2022-03-16T23_59_11_656Z-debug-0.log
Removed @azure-rest/synapse-access-control@1.0.0-alpha.20220316.1 because of docs package validation failure on 2022-03-16 23:59 +00:00
	npm ERR! code ETARGET
	npm ERR! notarget No matching version found for @azure-rest/synapse-access-control@1.0.0-alpha.20220316.1.
	npm ERR! notarget In most cases you or one of your dependencies are requesting
	npm ERR! notarget a package version that doesn't exist.
	System.Management.Automation.RemoteException
	npm ERR! A complete log of this run can be found in:
	npm ERR!     /home/vsts/.npm/_logs/2022-03-16T23_59_11_923Z-debug-0.log
Removed @azure/core-crypto@1.0.0-alpha.20220316.3 because of docs package validation failure on 2022-03-16 23:59 +00:00
	npm ERR! code ETARGET
	npm ERR! notarget No matching version found for @azure/core-crypto@1.0.0-alpha.20220316.3.
	npm ERR! notarget In most cases you or one of your dependencies are requesting
	npm ERR! notarget a package version that doesn't exist.
	System.Management.Automation.RemoteException
	npm ERR! A complete log of this run can be found in:
	npm ERR!     /home/vsts/.npm/_logs/2022-03-16T23_59_12_502Z-debug-0.log
Removed @azure/core-http-compat@1.1.1-alpha.20220316.3 because of docs package validation failure on 2022-03-16 23:59 +00:00
	npm ERR! code ETARGET
	npm ERR! notarget No matching version found for @azure/core-http-compat@1.1.1-alpha.20220316.3.
	npm ERR! notarget In most cases you or one of your dependencies are requesting
	npm ERR! notarget a package version that doesn't exist.
	System.Management.Automation.RemoteException
	npm ERR! A complete log of this run can be found in:
	npm ERR!     /home/vsts/.npm/_logs/2022-03-16T23_59_13_019Z-debug-0.log
Removed @azure/arm-iothub-profile-2020-09-01-hybrid@2.0.1-alpha.20220316.1 because of docs package validation failure on 2022-03-16 23:59 +00:00
	npm ERR! code ETARGET
	npm ERR! notarget No matching version found for @azure/arm-iothub-profile-2020-09-01-hybrid@2.0.1-alpha.20220316.1.
	npm ERR! notarget In most cases you or one of your dependencies are requesting
	npm ERR! notarget a package version that doesn't exist.
	System.Management.Automation.RemoteException
	npm ERR! A complete log of this run can be found in:
	npm ERR!     /home/vsts/.npm/_logs/2022-03-16T23_59_13_463Z-debug-0.log
Removed @azure/core-paging@1.2.2-alpha.20220316.3 because of docs package validation failure on 2022-03-16 23:59 +00:00
	npm ERR! code ETARGET
	npm ERR! notarget No matching version found for @azure/core-paging@1.2.2-alpha.20220316.3.
	npm ERR! notarget In most cases you or one of your dependencies are requesting
	npm ERR! notarget a package version that doesn't exist.
	System.Management.Automation.RemoteException
	npm ERR! A complete log of this run can be found in:
	npm ERR!     /home/vsts/.npm/_logs/2022-03-16T23_59_13_488Z-debug-0.log
