Removed @azure/communication-network-traversal@1.0.0 because of docs package validation failure on 2022-03-02 23:55 +00:00
	Hi from ReferenceAutomation for JavaScript
	{
	    "npm_package_sources": [
	        {
	            "name": "@azure/communication-network-traversal@1.0.0"
	        }
	    ]
	}
	{ npm_package_sources: [ { name: '@azure/communication-network-traversal@1.0.0' } ] }
	=== Install npm packages ===
	
	Start to install npm package @azure/communication-network-traversal@1.0.0.
	[User Error]: Failed to install npm package @azure/communication-network-traversal@1.0.0 with command: 
		npm install @azure/communication-network-traversal@1.0.0 --prefix . 2>&1
Removed @azure/communication-network-traversal@1.0.0 because of docs package validation failure on 2022-03-03 23:55 +00:00
	Hi from ReferenceAutomation for JavaScript
	{
	    "npm_package_sources": [
	        {
	            "name": "@azure/communication-network-traversal@1.0.0"
	        }
	    ]
	}
	{ npm_package_sources: [ { name: '@azure/communication-network-traversal@1.0.0' } ] }
	=== Install npm packages ===
	
	Start to install npm package @azure/communication-network-traversal@1.0.0.
	[User Error]: Failed to install npm package @azure/communication-network-traversal@1.0.0 with command: 
		npm install @azure/communication-network-traversal@1.0.0 --prefix . 2>&1
Removed @azure/communication-network-traversal@1.0.0 because of docs package validation failure on 2022-03-04 23:55 +00:00
	Hi from ReferenceAutomation for JavaScript
	{
	    "npm_package_sources": [
	        {
	            "name": "@azure/communication-network-traversal@1.0.0"
	        }
	    ]
	}
	{ npm_package_sources: [ { name: '@azure/communication-network-traversal@1.0.0' } ] }
	=== Install npm packages ===
	
	Start to install npm package @azure/communication-network-traversal@1.0.0.
	[User Error]: Failed to install npm package @azure/communication-network-traversal@1.0.0 with command: 
		npm install @azure/communication-network-traversal@1.0.0 --prefix . 2>&1
Removed @azure/communication-network-traversal@1.0.0 because of docs package validation failure on 2022-03-08 00:01 +00:00
	npm ERR! code ETARGET
	npm ERR! notarget No matching version found for @azure/communication-network-traversal@1.0.0.
	npm ERR! notarget In most cases you or one of your dependencies are requesting
	npm ERR! notarget a package version that doesn't exist.
	System.Management.Automation.RemoteException
	npm ERR! A complete log of this run can be found in:
	npm ERR!     /home/vsts/.npm/_logs/2022-03-08T00_01_17_761Z-debug-0.log
